#
# There is insufficient memory for the Java Runtime Environment to continue.
# Native memory allocation (malloc) failed to allocate 1914576 bytes for Chunk::new
# Possible reasons:
#   The system is out of physical RAM or swap space
#   The process is running with CompressedOops enabled, and the Java Heap may be blocking the growth of the native heap
# Possible solutions:
#   Reduce memory load on the system
#   Increase physical memory or swap space
#   Check if swap backing store is full
#   Decrease Java heap size (-Xmx/-Xms)
#   Decrease number of Java threads
#   Decrease Java thread stack sizes (-Xss)
#   Set larger code cache with -XX:ReservedCodeCacheSize=
#   JVM is running with Zero Based Compressed Oops mode in which the Java heap is
#     placed in the first 32GB address space. The Java Heap base address is the
#     maximum limit for the native heap growth. Please use -XX:HeapBaseMinAddress
#     to set the Java Heap base and to place the Java Heap above 32GB virtual address.
# This output file may be truncated or incomplete.
#
#  Out of Memory Error (arena.cpp:197), pid=10040, tid=11252
#
# JRE version: OpenJDK Runtime Environment Microsoft-8035250 (11.0.20+8) (build 11.0.20+8-LTS)
# Java VM: OpenJDK 64-Bit Server VM Microsoft-8035250 (11.0.20+8-LTS, mixed mode, tiered, compressed oops, g1 gc, windows-amd64)
# No core dump will be written. Minidumps are not enabled by default on client versions of Windows
#

---------------  S U M M A R Y ------------

Command Line: org.jetbrains.kotlin.cli.jvm.K2JVMCompiler @D:\storytime_mobile0\StoryTime_Frontend\node_modules\react-native-compressor\android\build\20240227_2987908782305903697.compiler.options

Host: Intel(R) Core(TM) i5-6300U CPU @ 2.40GHz, 4 cores, 11G,  Windows 10 , 64 bit Build 19041 (10.0.19041.3636)
Time: Tue Feb 27 18:07:30 2024 Pakistan Standard Time elapsed time: 18.535740 seconds (0d 0h 0m 18s)

---------------  T H R E A D  ---------------

Current thread (0x0000024d71a49000):  JavaThread "C2 CompilerThread0" daemon [_thread_in_native, id=11252, stack(0x000000ad59100000,0x000000ad59200000)]


Current CompileTask:
C2:  18535 3913       4       jdk.internal.loader.ClassLoaders$AppClassLoader::loadClass (40 bytes)

Stack: [0x000000ad59100000,0x000000ad59200000]
Native frames: (J=compiled Java code, j=interpreted, Vv=VM code, C=native code)
V  [jvm.dll+0x62e9da]
V  [jvm.dll+0x7bc4e9]
V  [jvm.dll+0x7bdbd8]
V  [jvm.dll+0x7be2b3]
V  [jvm.dll+0x2505a8]
V  [jvm.dll+0xc263c]
V  [jvm.dll+0xc2bfc]
V  [jvm.dll+0x35fdc7]
V  [jvm.dll+0x19f201]
V  [jvm.dll+0x2098c5]
V  [jvm.dll+0x20893d]
V  [jvm.dll+0x18a7de]
V  [jvm.dll+0x2181ec]
V  [jvm.dll+0x21642b]
V  [jvm.dll+0x77efc0]
V  [jvm.dll+0x777db4]
V  [jvm.dll+0x62d845]
C  [ucrtbase.dll+0x21bb2]
C  [KERNEL32.DLL+0x17344]
C  [ntdll.dll+0x526b1]


---------------  P R O C E S S  ---------------

Threads class SMR info:
_java_thread_list=0x0000024d76749150, length=10, elements={
0x0000024d50676000, 0x0000024d7120c800, 0x0000024d7120d800, 0x0000024d71a9f000,
0x0000024d71aa2000, 0x0000024d71aa3800, 0x0000024d71a49000, 0x0000024d71a4b800,
0x0000024d71a4c800, 0x0000024d71c2d000
}

Java Threads: ( => current thread )
  0x0000024d50676000 JavaThread "main" [_thread_in_vm, id=18284, stack(0x000000ad58400000,0x000000ad58500000)]
  0x0000024d7120c800 JavaThread "Reference Handler" daemon [_thread_blocked, id=15384, stack(0x000000ad58c00000,0x000000ad58d00000)]
  0x0000024d7120d800 JavaThread "Finalizer" daemon [_thread_blocked, id=13476, stack(0x000000ad58d00000,0x000000ad58e00000)]
  0x0000024d71a9f000 JavaThread "Signal Dispatcher" daemon [_thread_blocked, id=2084, stack(0x000000ad58e00000,0x000000ad58f00000)]
  0x0000024d71aa2000 JavaThread "Attach Listener" daemon [_thread_blocked, id=4048, stack(0x000000ad58f00000,0x000000ad59000000)]
  0x0000024d71aa3800 JavaThread "Service Thread" daemon [_thread_blocked, id=2556, stack(0x000000ad59000000,0x000000ad59100000)]
=>0x0000024d71a49000 JavaThread "C2 CompilerThread0" daemon [_thread_in_native, id=11252, stack(0x000000ad59100000,0x000000ad59200000)]
  0x0000024d71a4b800 JavaThread "C1 CompilerThread0" daemon [_thread_blocked, id=21304, stack(0x000000ad59200000,0x000000ad59300000)]
  0x0000024d71a4c800 JavaThread "Sweeper thread" daemon [_thread_blocked, id=12632, stack(0x000000ad59300000,0x000000ad59400000)]
  0x0000024d71c2d000 JavaThread "Common-Cleaner" daemon [_thread_blocked, id=17476, stack(0x000000ad59500000,0x000000ad59600000)]

Other Threads:
  0x0000024d7120a800 VMThread "VM Thread" [stack: 0x000000ad58b00000,0x000000ad58c00000] [id=6176]
  0x0000024d71c20800 WatcherThread [stack: 0x000000ad59400000,0x000000ad59500000] [id=9964]
  0x0000024d5068d000 GCTaskThread "GC Thread#0" [stack: 0x000000ad58600000,0x000000ad58700000] [id=7116]
  0x0000024d72163000 GCTaskThread "GC Thread#1" [stack: 0x000000ad59600000,0x000000ad59700000] [id=8928]
  0x0000024d720d0000 GCTaskThread "GC Thread#2" [stack: 0x000000ad59700000,0x000000ad59800000] [id=14592]
  0x0000024d720d1000 GCTaskThread "GC Thread#3" [stack: 0x000000ad59800000,0x000000ad59900000] [id=20704]
  0x0000024d506d2800 ConcurrentGCThread "G1 Main Marker" [stack: 0x000000ad58700000,0x000000ad58800000] [id=17288]
  0x0000024d506d4000 ConcurrentGCThread "G1 Conc#0" [stack: 0x000000ad58800000,0x000000ad58900000] [id=12348]
  0x0000024d5074e000 ConcurrentGCThread "G1 Refine#0" [stack: 0x000000ad58900000,0x000000ad58a00000] [id=19608]
  0x0000024d71072800 ConcurrentGCThread "G1 Young RemSet Sampling" [stack: 0x000000ad58a00000,0x000000ad58b00000] [id=8468]

Threads with active compile tasks:
C2 CompilerThread0    18575 3913       4       jdk.internal.loader.ClassLoaders$AppClassLoader::loadClass (40 bytes)

VM state:not at safepoint (normal execution)

VM Mutex/Monitor currently owned by a thread: None

Heap address: 0x0000000745400000, size: 2988 MB, Compressed Oops mode: Zero based, Oop shift amount: 3
Narrow klass base: 0x0000000800000000, Narrow klass shift: 0
Compressed class space size: 1073741824 Address: 0x0000000800000000

Heap:
 garbage-first heap   total 192512K, used 40713K [0x0000000745400000, 0x0000000800000000)
  region size 1024K, 19 young (19456K), 7 survivors (7168K)
 Metaspace       used 48740K, capacity 49331K, committed 49484K, reserved 1093632K
  class space    used 5664K, capacity 5893K, committed 5964K, reserved 1048576K
Heap Regions: E=young(eden), S=young(survivor), O=old, HS=humongous(starts), HC=humongous(continues), CS=collection set, F=free, A=archive, TAMS=top-at-mark-start (previous, next)
|   0|0x0000000745400000, 0x0000000745500000, 0x0000000745500000|100%|HS|  |TAMS 0x0000000745500000, 0x0000000745400000| Complete 
|   1|0x0000000745500000, 0x0000000745600000, 0x0000000745600000|100%|HC|  |TAMS 0x0000000745600000, 0x0000000745500000| Complete 
|   2|0x0000000745600000, 0x0000000745700000, 0x0000000745700000|100%|HC|  |TAMS 0x0000000745700000, 0x0000000745600000| Complete 
|   3|0x0000000745700000, 0x0000000745800000, 0x0000000745800000|100%| O|  |TAMS 0x0000000745800000, 0x0000000745700000| Untracked 
|   4|0x0000000745800000, 0x0000000745900000, 0x0000000745900000|100%| O|  |TAMS 0x0000000745900000, 0x0000000745800000| Untracked 
|   5|0x0000000745900000, 0x0000000745a00000, 0x0000000745a00000|100%|HS|  |TAMS 0x0000000745a00000, 0x0000000745900000| Complete 
|   6|0x0000000745a00000, 0x0000000745b00000, 0x0000000745b00000|100%|HC|  |TAMS 0x0000000745b00000, 0x0000000745a00000| Complete 
|   7|0x0000000745b00000, 0x0000000745c00000, 0x0000000745c00000|100%|HC|  |TAMS 0x0000000745c00000, 0x0000000745b00000| Complete 
|   8|0x0000000745c00000, 0x0000000745d00000, 0x0000000745d00000|100%|HS|  |TAMS 0x0000000745c00000, 0x0000000745c00000| Complete 
|   9|0x0000000745d00000, 0x0000000745e00000, 0x0000000745e00000|100%|HC|  |TAMS 0x0000000745d00000, 0x0000000745d00000| Complete 
|  10|0x0000000745e00000, 0x0000000745f00000, 0x0000000745f00000|100%| O|  |TAMS 0x0000000745f00000, 0x0000000745e00000| Untracked 
|  11|0x0000000745f00000, 0x0000000746000000, 0x0000000746000000|100%| O|  |TAMS 0x0000000746000000, 0x0000000745f00000| Untracked 
|  12|0x0000000746000000, 0x0000000746100000, 0x0000000746100000|100%| O|  |TAMS 0x0000000746100000, 0x0000000746000000| Untracked 
|  13|0x0000000746100000, 0x0000000746200000, 0x0000000746200000|100%| O|  |TAMS 0x0000000746200000, 0x0000000746100000| Untracked 
|  14|0x0000000746200000, 0x0000000746300000, 0x0000000746300000|100%| O|  |TAMS 0x0000000746300000, 0x0000000746200000| Untracked 
|  15|0x0000000746300000, 0x0000000746400000, 0x0000000746400000|100%| O|  |TAMS 0x0000000746400000, 0x0000000746300000| Untracked 
|  16|0x0000000746400000, 0x0000000746500000, 0x0000000746500000|100%| O|  |TAMS 0x0000000746500000, 0x0000000746400000| Untracked 
|  17|0x0000000746500000, 0x0000000746600000, 0x0000000746600000|100%| O|  |TAMS 0x0000000746600000, 0x0000000746500000| Untracked 
|  18|0x0000000746600000, 0x0000000746700000, 0x0000000746700000|100%| O|  |TAMS 0x0000000746700000, 0x0000000746600000| Untracked 
|  19|0x0000000746700000, 0x0000000746800000, 0x0000000746800000|100%| O|  |TAMS 0x0000000746800000, 0x0000000746700000| Untracked 
|  20|0x0000000746800000, 0x0000000746900000, 0x0000000746900000|100%| O|  |TAMS 0x0000000746900000, 0x0000000746800000| Untracked 
|  21|0x0000000746900000, 0x00000007469c2400, 0x0000000746a00000| 75%| O|  |TAMS 0x0000000746931400, 0x0000000746900000| Untracked 
|  22|0x0000000746a00000, 0x0000000746a00000, 0x0000000746b00000|  0%| F|  |TAMS 0x0000000746a00000, 0x0000000746a00000| Untracked 
|  23|0x0000000746b00000, 0x0000000746b00000, 0x0000000746c00000|  0%| F|  |TAMS 0x0000000746b00000, 0x0000000746b00000| Untracked 
|  24|0x0000000746c00000, 0x0000000746c00000, 0x0000000746d00000|  0%| F|  |TAMS 0x0000000746c00000, 0x0000000746c00000| Untracked 
|  25|0x0000000746d00000, 0x0000000746d00000, 0x0000000746e00000|  0%| F|  |TAMS 0x0000000746d00000, 0x0000000746d00000| Untracked 
|  26|0x0000000746e00000, 0x0000000746e00000, 0x0000000746f00000|  0%| F|  |TAMS 0x0000000746e00000, 0x0000000746e00000| Untracked 
|  27|0x0000000746f00000, 0x0000000746f00000, 0x0000000747000000|  0%| F|  |TAMS 0x0000000746f00000, 0x0000000746f00000| Untracked 
|  28|0x0000000747000000, 0x0000000747000000, 0x0000000747100000|  0%| F|  |TAMS 0x0000000747000000, 0x0000000747000000| Untracked 
|  29|0x0000000747100000, 0x0000000747100000, 0x0000000747200000|  0%| F|  |TAMS 0x0000000747100000, 0x0000000747100000| Untracked 
|  30|0x0000000747200000, 0x0000000747200000, 0x0000000747300000|  0%| F|  |TAMS 0x0000000747200000, 0x0000000747200000| Untracked 
|  31|0x0000000747300000, 0x0000000747300000, 0x0000000747400000|  0%| F|  |TAMS 0x0000000747300000, 0x0000000747300000| Untracked 
|  32|0x0000000747400000, 0x0000000747400000, 0x0000000747500000|  0%| F|  |TAMS 0x0000000747400000, 0x0000000747400000| Untracked 
|  33|0x0000000747500000, 0x0000000747500000, 0x0000000747600000|  0%| F|  |TAMS 0x0000000747500000, 0x0000000747500000| Untracked 
|  34|0x0000000747600000, 0x0000000747600000, 0x0000000747700000|  0%| F|  |TAMS 0x0000000747600000, 0x0000000747600000| Untracked 
|  35|0x0000000747700000, 0x0000000747700000, 0x0000000747800000|  0%| F|  |TAMS 0x0000000747700000, 0x0000000747700000| Untracked 
|  36|0x0000000747800000, 0x0000000747800000, 0x0000000747900000|  0%| F|  |TAMS 0x0000000747800000, 0x0000000747800000| Untracked 
|  37|0x0000000747900000, 0x0000000747900000, 0x0000000747a00000|  0%| F|  |TAMS 0x0000000747900000, 0x0000000747900000| Untracked 
|  38|0x0000000747a00000, 0x0000000747a00000, 0x0000000747b00000|  0%| F|  |TAMS 0x0000000747a00000, 0x0000000747a00000| Untracked 
|  39|0x0000000747b00000, 0x0000000747b00000, 0x0000000747c00000|  0%| F|  |TAMS 0x0000000747b00000, 0x0000000747b00000| Untracked 
|  40|0x0000000747c00000, 0x0000000747c00000, 0x0000000747d00000|  0%| F|  |TAMS 0x0000000747c00000, 0x0000000747c00000| Untracked 
|  41|0x0000000747d00000, 0x0000000747d00000, 0x0000000747e00000|  0%| F|  |TAMS 0x0000000747d00000, 0x0000000747d00000| Untracked 
|  42|0x0000000747e00000, 0x0000000747e00000, 0x0000000747f00000|  0%| F|  |TAMS 0x0000000747e00000, 0x0000000747e00000| Untracked 
|  43|0x0000000747f00000, 0x0000000747f00000, 0x0000000748000000|  0%| F|  |TAMS 0x0000000747f00000, 0x0000000747f00000| Untracked 
|  44|0x0000000748000000, 0x0000000748000000, 0x0000000748100000|  0%| F|  |TAMS 0x0000000748000000, 0x0000000748000000| Untracked 
|  45|0x0000000748100000, 0x0000000748100000, 0x0000000748200000|  0%| F|  |TAMS 0x0000000748100000, 0x0000000748100000| Untracked 
|  46|0x0000000748200000, 0x0000000748200000, 0x0000000748300000|  0%| F|  |TAMS 0x0000000748200000, 0x0000000748200000| Untracked 
|  47|0x0000000748300000, 0x0000000748300000, 0x0000000748400000|  0%| F|  |TAMS 0x0000000748300000, 0x0000000748300000| Untracked 
|  48|0x0000000748400000, 0x0000000748400000, 0x0000000748500000|  0%| F|  |TAMS 0x0000000748400000, 0x0000000748400000| Untracked 
|  49|0x0000000748500000, 0x0000000748500000, 0x0000000748600000|  0%| F|  |TAMS 0x0000000748500000, 0x0000000748500000| Untracked 
|  50|0x0000000748600000, 0x0000000748600000, 0x0000000748700000|  0%| F|  |TAMS 0x0000000748600000, 0x0000000748600000| Untracked 
|  51|0x0000000748700000, 0x0000000748700000, 0x0000000748800000|  0%| F|  |TAMS 0x0000000748700000, 0x0000000748700000| Untracked 
|  52|0x0000000748800000, 0x0000000748800000, 0x0000000748900000|  0%| F|  |TAMS 0x0000000748800000, 0x0000000748800000| Untracked 
|  53|0x0000000748900000, 0x0000000748900000, 0x0000000748a00000|  0%| F|  |TAMS 0x0000000748900000, 0x0000000748900000| Untracked 
|  54|0x0000000748a00000, 0x0000000748a00000, 0x0000000748b00000|  0%| F|  |TAMS 0x0000000748a00000, 0x0000000748a00000| Untracked 
|  55|0x0000000748b00000, 0x0000000748b00000, 0x0000000748c00000|  0%| F|  |TAMS 0x0000000748b00000, 0x0000000748b00000| Untracked 
|  56|0x0000000748c00000, 0x0000000748c00000, 0x0000000748d00000|  0%| F|  |TAMS 0x0000000748c00000, 0x0000000748c00000| Untracked 
|  57|0x0000000748d00000, 0x0000000748d00000, 0x0000000748e00000|  0%| F|  |TAMS 0x0000000748d00000, 0x0000000748d00000| Untracked 
|  58|0x0000000748e00000, 0x0000000748e00000, 0x0000000748f00000|  0%| F|  |TAMS 0x0000000748e00000, 0x0000000748e00000| Untracked 
|  59|0x0000000748f00000, 0x0000000748f00000, 0x0000000749000000|  0%| F|  |TAMS 0x0000000748f00000, 0x0000000748f00000| Untracked 
|  60|0x0000000749000000, 0x0000000749000000, 0x0000000749100000|  0%| F|  |TAMS 0x0000000749000000, 0x0000000749000000| Untracked 
|  61|0x0000000749100000, 0x0000000749100000, 0x0000000749200000|  0%| F|  |TAMS 0x0000000749100000, 0x0000000749100000| Untracked 
|  62|0x0000000749200000, 0x0000000749200000, 0x0000000749300000|  0%| F|  |TAMS 0x0000000749200000, 0x0000000749200000| Untracked 
|  63|0x0000000749300000, 0x0000000749300000, 0x0000000749400000|  0%| F|  |TAMS 0x0000000749300000, 0x0000000749300000| Untracked 
|  64|0x0000000749400000, 0x0000000749400000, 0x0000000749500000|  0%| F|  |TAMS 0x0000000749400000, 0x0000000749400000| Untracked 
|  65|0x0000000749500000, 0x0000000749500000, 0x0000000749600000|  0%| F|  |TAMS 0x0000000749500000, 0x0000000749500000| Untracked 
|  66|0x0000000749600000, 0x0000000749600000, 0x0000000749700000|  0%| F|  |TAMS 0x0000000749600000, 0x0000000749600000| Untracked 
|  67|0x0000000749700000, 0x0000000749700000, 0x0000000749800000|  0%| F|  |TAMS 0x0000000749700000, 0x0000000749700000| Untracked 
|  68|0x0000000749800000, 0x0000000749800000, 0x0000000749900000|  0%| F|  |TAMS 0x0000000749800000, 0x0000000749800000| Untracked 
|  69|0x0000000749900000, 0x0000000749900000, 0x0000000749a00000|  0%| F|  |TAMS 0x0000000749900000, 0x0000000749900000| Untracked 
|  70|0x0000000749a00000, 0x0000000749a00000, 0x0000000749b00000|  0%| F|  |TAMS 0x0000000749a00000, 0x0000000749a00000| Untracked 
|  71|0x0000000749b00000, 0x0000000749b00000, 0x0000000749c00000|  0%| F|  |TAMS 0x0000000749b00000, 0x0000000749b00000| Untracked 
|  72|0x0000000749c00000, 0x0000000749c00000, 0x0000000749d00000|  0%| F|  |TAMS 0x0000000749c00000, 0x0000000749c00000| Untracked 
|  73|0x0000000749d00000, 0x0000000749d00000, 0x0000000749e00000|  0%| F|  |TAMS 0x0000000749d00000, 0x0000000749d00000| Untracked 
|  74|0x0000000749e00000, 0x0000000749e00000, 0x0000000749f00000|  0%| F|  |TAMS 0x0000000749e00000, 0x0000000749e00000| Untracked 
|  75|0x0000000749f00000, 0x0000000749f00000, 0x000000074a000000|  0%| F|  |TAMS 0x0000000749f00000, 0x0000000749f00000| Untracked 
|  76|0x000000074a000000, 0x000000074a000000, 0x000000074a100000|  0%| F|  |TAMS 0x000000074a000000, 0x000000074a000000| Untracked 
|  77|0x000000074a100000, 0x000000074a100000, 0x000000074a200000|  0%| F|  |TAMS 0x000000074a100000, 0x000000074a100000| Untracked 
|  78|0x000000074a200000, 0x000000074a200000, 0x000000074a300000|  0%| F|  |TAMS 0x000000074a200000, 0x000000074a200000| Untracked 
|  79|0x000000074a300000, 0x000000074a300000, 0x000000074a400000|  0%| F|  |TAMS 0x000000074a300000, 0x000000074a300000| Untracked 
|  80|0x000000074a400000, 0x000000074a400000, 0x000000074a500000|  0%| F|  |TAMS 0x000000074a400000, 0x000000074a400000| Untracked 
|  81|0x000000074a500000, 0x000000074a500000, 0x000000074a600000|  0%| F|  |TAMS 0x000000074a500000, 0x000000074a500000| Untracked 
|  82|0x000000074a600000, 0x000000074a600000, 0x000000074a700000|  0%| F|  |TAMS 0x000000074a600000, 0x000000074a600000| Untracked 
|  83|0x000000074a700000, 0x000000074a700000, 0x000000074a800000|  0%| F|  |TAMS 0x000000074a700000, 0x000000074a700000| Untracked 
|  84|0x000000074a800000, 0x000000074a800000, 0x000000074a900000|  0%| F|  |TAMS 0x000000074a800000, 0x000000074a800000| Untracked 
|  85|0x000000074a900000, 0x000000074a900000, 0x000000074aa00000|  0%| F|  |TAMS 0x000000074a900000, 0x000000074a900000| Untracked 
|  86|0x000000074aa00000, 0x000000074aa00000, 0x000000074ab00000|  0%| F|  |TAMS 0x000000074aa00000, 0x000000074aa00000| Untracked 
|  87|0x000000074ab00000, 0x000000074ab00000, 0x000000074ac00000|  0%| F|  |TAMS 0x000000074ab00000, 0x000000074ab00000| Untracked 
|  88|0x000000074ac00000, 0x000000074ac00000, 0x000000074ad00000|  0%| F|  |TAMS 0x000000074ac00000, 0x000000074ac00000| Untracked 
|  89|0x000000074ad00000, 0x000000074ad00000, 0x000000074ae00000|  0%| F|  |TAMS 0x000000074ad00000, 0x000000074ad00000| Untracked 
|  90|0x000000074ae00000, 0x000000074ae00000, 0x000000074af00000|  0%| F|  |TAMS 0x000000074ae00000, 0x000000074ae00000| Untracked 
|  91|0x000000074af00000, 0x000000074af00000, 0x000000074b000000|  0%| F|  |TAMS 0x000000074af00000, 0x000000074af00000| Untracked 
|  92|0x000000074b000000, 0x000000074b000000, 0x000000074b100000|  0%| F|  |TAMS 0x000000074b000000, 0x000000074b000000| Untracked 
|  93|0x000000074b100000, 0x000000074b100000, 0x000000074b200000|  0%| F|  |TAMS 0x000000074b100000, 0x000000074b100000| Untracked 
|  94|0x000000074b200000, 0x000000074b200000, 0x000000074b300000|  0%| F|  |TAMS 0x000000074b200000, 0x000000074b200000| Untracked 
|  95|0x000000074b300000, 0x000000074b300000, 0x000000074b400000|  0%| F|  |TAMS 0x000000074b300000, 0x000000074b300000| Untracked 
|  96|0x000000074b400000, 0x000000074b400000, 0x000000074b500000|  0%| F|  |TAMS 0x000000074b400000, 0x000000074b400000| Untracked 
|  97|0x000000074b500000, 0x000000074b500000, 0x000000074b600000|  0%| F|  |TAMS 0x000000074b500000, 0x000000074b500000| Untracked 
|  98|0x000000074b600000, 0x000000074b600000, 0x000000074b700000|  0%| F|  |TAMS 0x000000074b600000, 0x000000074b600000| Untracked 
|  99|0x000000074b700000, 0x000000074b700000, 0x000000074b800000|  0%| F|  |TAMS 0x000000074b700000, 0x000000074b700000| Untracked 
| 100|0x000000074b800000, 0x000000074b800000, 0x000000074b900000|  0%| F|  |TAMS 0x000000074b800000, 0x000000074b800000| Untracked 
| 101|0x000000074b900000, 0x000000074b900000, 0x000000074ba00000|  0%| F|  |TAMS 0x000000074b900000, 0x000000074b900000| Untracked 
| 102|0x000000074ba00000, 0x000000074ba00000, 0x000000074bb00000|  0%| F|  |TAMS 0x000000074ba00000, 0x000000074ba00000| Untracked 
| 103|0x000000074bb00000, 0x000000074bb00000, 0x000000074bc00000|  0%| F|  |TAMS 0x000000074bb00000, 0x000000074bb00000| Untracked 
| 104|0x000000074bc00000, 0x000000074bc00000, 0x000000074bd00000|  0%| F|  |TAMS 0x000000074bc00000, 0x000000074bc00000| Untracked 
| 105|0x000000074bd00000, 0x000000074bd00000, 0x000000074be00000|  0%| F|  |TAMS 0x000000074bd00000, 0x000000074bd00000| Untracked 
| 106|0x000000074be00000, 0x000000074be00000, 0x000000074bf00000|  0%| F|  |TAMS 0x000000074be00000, 0x000000074be00000| Untracked 
| 107|0x000000074bf00000, 0x000000074bf00000, 0x000000074c000000|  0%| F|  |TAMS 0x000000074bf00000, 0x000000074bf00000| Untracked 
| 108|0x000000074c000000, 0x000000074c000000, 0x000000074c100000|  0%| F|  |TAMS 0x000000074c000000, 0x000000074c000000| Untracked 
| 109|0x000000074c100000, 0x000000074c100000, 0x000000074c200000|  0%| F|  |TAMS 0x000000074c100000, 0x000000074c100000| Untracked 
| 110|0x000000074c200000, 0x000000074c200000, 0x000000074c300000|  0%| F|  |TAMS 0x000000074c200000, 0x000000074c200000| Untracked 
| 111|0x000000074c300000, 0x000000074c300000, 0x000000074c400000|  0%| F|  |TAMS 0x000000074c300000, 0x000000074c300000| Untracked 
| 112|0x000000074c400000, 0x000000074c400000, 0x000000074c500000|  0%| F|  |TAMS 0x000000074c400000, 0x000000074c400000| Untracked 
| 113|0x000000074c500000, 0x000000074c500000, 0x000000074c600000|  0%| F|  |TAMS 0x000000074c500000, 0x000000074c500000| Untracked 
| 114|0x000000074c600000, 0x000000074c600000, 0x000000074c700000|  0%| F|  |TAMS 0x000000074c600000, 0x000000074c600000| Untracked 
| 115|0x000000074c700000, 0x000000074c700000, 0x000000074c800000|  0%| F|  |TAMS 0x000000074c700000, 0x000000074c700000| Untracked 
| 116|0x000000074c800000, 0x000000074c800000, 0x000000074c900000|  0%| F|  |TAMS 0x000000074c800000, 0x000000074c800000| Untracked 
| 117|0x000000074c900000, 0x000000074c900000, 0x000000074ca00000|  0%| F|  |TAMS 0x000000074c900000, 0x000000074c900000| Untracked 
| 118|0x000000074ca00000, 0x000000074ca00000, 0x000000074cb00000|  0%| F|  |TAMS 0x000000074ca00000, 0x000000074ca00000| Untracked 
| 119|0x000000074cb00000, 0x000000074cb00000, 0x000000074cc00000|  0%| F|  |TAMS 0x000000074cb00000, 0x000000074cb00000| Untracked 
| 120|0x000000074cc00000, 0x000000074cc00000, 0x000000074cd00000|  0%| F|  |TAMS 0x000000074cc00000, 0x000000074cc00000| Untracked 
| 121|0x000000074cd00000, 0x000000074cd00000, 0x000000074ce00000|  0%| F|  |TAMS 0x000000074cd00000, 0x000000074cd00000| Untracked 
| 122|0x000000074ce00000, 0x000000074ce00000, 0x000000074cf00000|  0%| F|  |TAMS 0x000000074ce00000, 0x000000074ce00000| Untracked 
| 123|0x000000074cf00000, 0x000000074cf00000, 0x000000074d000000|  0%| F|  |TAMS 0x000000074cf00000, 0x000000074cf00000| Untracked 
| 124|0x000000074d000000, 0x000000074d000000, 0x000000074d100000|  0%| F|  |TAMS 0x000000074d000000, 0x000000074d000000| Untracked 
| 125|0x000000074d100000, 0x000000074d100000, 0x000000074d200000|  0%| F|  |TAMS 0x000000074d100000, 0x000000074d100000| Untracked 
| 126|0x000000074d200000, 0x000000074d300000, 0x000000074d300000|100%| S|CS|TAMS 0x000000074d200000, 0x000000074d200000| Complete 
| 127|0x000000074d300000, 0x000000074d400000, 0x000000074d400000|100%| S|CS|TAMS 0x000000074d300000, 0x000000074d300000| Complete 
| 128|0x000000074d400000, 0x000000074d500000, 0x000000074d500000|100%| S|CS|TAMS 0x000000074d400000, 0x000000074d400000| Complete 
| 129|0x000000074d500000, 0x000000074d600000, 0x000000074d600000|100%| S|CS|TAMS 0x000000074d500000, 0x000000074d500000| Complete 
| 130|0x000000074d600000, 0x000000074d700000, 0x000000074d700000|100%| S|CS|TAMS 0x000000074d600000, 0x000000074d600000| Complete 
| 131|0x000000074d700000, 0x000000074d800000, 0x000000074d800000|100%| S|CS|TAMS 0x000000074d700000, 0x000000074d700000| Complete 
| 132|0x000000074d800000, 0x000000074d900000, 0x000000074d900000|100%| S|CS|TAMS 0x000000074d800000, 0x000000074d800000| Complete 
| 133|0x000000074d900000, 0x000000074d900000, 0x000000074da00000|  0%| F|  |TAMS 0x000000074d900000, 0x000000074d900000| Untracked 
| 134|0x000000074da00000, 0x000000074da00000, 0x000000074db00000|  0%| F|  |TAMS 0x000000074da00000, 0x000000074da00000| Untracked 
| 135|0x000000074db00000, 0x000000074db00000, 0x000000074dc00000|  0%| F|  |TAMS 0x000000074db00000, 0x000000074db00000| Untracked 
| 136|0x000000074dc00000, 0x000000074dc00000, 0x000000074dd00000|  0%| F|  |TAMS 0x000000074dc00000, 0x000000074dc00000| Untracked 
| 137|0x000000074dd00000, 0x000000074dd00000, 0x000000074de00000|  0%| F|  |TAMS 0x000000074dd00000, 0x000000074dd00000| Untracked 
| 138|0x000000074de00000, 0x000000074de00000, 0x000000074df00000|  0%| F|  |TAMS 0x000000074de00000, 0x000000074de00000| Untracked 
| 139|0x000000074df00000, 0x000000074df00000, 0x000000074e000000|  0%| F|  |TAMS 0x000000074df00000, 0x000000074df00000| Untracked 
| 140|0x000000074e000000, 0x000000074e000000, 0x000000074e100000|  0%| F|  |TAMS 0x000000074e000000, 0x000000074e000000| Untracked 
| 141|0x000000074e100000, 0x000000074e100000, 0x000000074e200000|  0%| F|  |TAMS 0x000000074e100000, 0x000000074e100000| Untracked 
| 142|0x000000074e200000, 0x000000074e200000, 0x000000074e300000|  0%| F|  |TAMS 0x000000074e200000, 0x000000074e200000| Untracked 
| 143|0x000000074e300000, 0x000000074e300000, 0x000000074e400000|  0%| F|  |TAMS 0x000000074e300000, 0x000000074e300000| Untracked 
| 144|0x000000074e400000, 0x000000074e400000, 0x000000074e500000|  0%| F|  |TAMS 0x000000074e400000, 0x000000074e400000| Untracked 
| 145|0x000000074e500000, 0x000000074e500000, 0x000000074e600000|  0%| F|  |TAMS 0x000000074e500000, 0x000000074e500000| Untracked 
| 146|0x000000074e600000, 0x000000074e600000, 0x000000074e700000|  0%| F|  |TAMS 0x000000074e600000, 0x000000074e600000| Untracked 
| 147|0x000000074e700000, 0x000000074e700000, 0x000000074e800000|  0%| F|  |TAMS 0x000000074e700000, 0x000000074e700000| Untracked 
| 148|0x000000074e800000, 0x000000074e800000, 0x000000074e900000|  0%| F|  |TAMS 0x000000074e800000, 0x000000074e800000| Untracked 
| 149|0x000000074e900000, 0x000000074e900000, 0x000000074ea00000|  0%| F|  |TAMS 0x000000074e900000, 0x000000074e900000| Untracked 
| 150|0x000000074ea00000, 0x000000074ea00000, 0x000000074eb00000|  0%| F|  |TAMS 0x000000074ea00000, 0x000000074ea00000| Untracked 
| 151|0x000000074eb00000, 0x000000074eb00000, 0x000000074ec00000|  0%| F|  |TAMS 0x000000074eb00000, 0x000000074eb00000| Untracked 
| 152|0x000000074ec00000, 0x000000074ec00000, 0x000000074ed00000|  0%| F|  |TAMS 0x000000074ec00000, 0x000000074ec00000| Untracked 
| 153|0x000000074ed00000, 0x000000074ed00000, 0x000000074ee00000|  0%| F|  |TAMS 0x000000074ed00000, 0x000000074ed00000| Untracked 
| 154|0x000000074ee00000, 0x000000074ee00000, 0x000000074ef00000|  0%| F|  |TAMS 0x000000074ee00000, 0x000000074ee00000| Untracked 
| 155|0x000000074ef00000, 0x000000074ef00000, 0x000000074f000000|  0%| F|  |TAMS 0x000000074ef00000, 0x000000074ef00000| Untracked 
| 156|0x000000074f000000, 0x000000074f000000, 0x000000074f100000|  0%| F|  |TAMS 0x000000074f000000, 0x000000074f000000| Untracked 
| 157|0x000000074f100000, 0x000000074f100000, 0x000000074f200000|  0%| F|  |TAMS 0x000000074f100000, 0x000000074f100000| Untracked 
| 158|0x000000074f200000, 0x000000074f200000, 0x000000074f300000|  0%| F|  |TAMS 0x000000074f200000, 0x000000074f200000| Untracked 
| 159|0x000000074f300000, 0x000000074f300000, 0x000000074f400000|  0%| F|  |TAMS 0x000000074f300000, 0x000000074f300000| Untracked 
| 160|0x000000074f400000, 0x000000074f400000, 0x000000074f500000|  0%| F|  |TAMS 0x000000074f400000, 0x000000074f400000| Untracked 
| 161|0x000000074f500000, 0x000000074f500000, 0x000000074f600000|  0%| F|  |TAMS 0x000000074f500000, 0x000000074f500000| Untracked 
| 162|0x000000074f600000, 0x000000074f600000, 0x000000074f700000|  0%| F|  |TAMS 0x000000074f600000, 0x000000074f600000| Untracked 
| 163|0x000000074f700000, 0x000000074f700000, 0x000000074f800000|  0%| F|  |TAMS 0x000000074f700000, 0x000000074f700000| Untracked 
| 164|0x000000074f800000, 0x000000074f800000, 0x000000074f900000|  0%| F|  |TAMS 0x000000074f800000, 0x000000074f800000| Untracked 
| 165|0x000000074f900000, 0x000000074f900000, 0x000000074fa00000|  0%| F|  |TAMS 0x000000074f900000, 0x000000074f900000| Untracked 
| 166|0x000000074fa00000, 0x000000074fa00000, 0x000000074fb00000|  0%| F|  |TAMS 0x000000074fa00000, 0x000000074fa00000| Untracked 
| 167|0x000000074fb00000, 0x000000074fb00000, 0x000000074fc00000|  0%| F|  |TAMS 0x000000074fb00000, 0x000000074fb00000| Untracked 
| 168|0x000000074fc00000, 0x000000074fc00000, 0x000000074fd00000|  0%| F|  |TAMS 0x000000074fc00000, 0x000000074fc00000| Untracked 
| 169|0x000000074fd00000, 0x000000074fd00000, 0x000000074fe00000|  0%| F|  |TAMS 0x000000074fd00000, 0x000000074fd00000| Untracked 
| 170|0x000000074fe00000, 0x000000074fe00000, 0x000000074ff00000|  0%| F|  |TAMS 0x000000074fe00000, 0x000000074fe00000| Untracked 
| 171|0x000000074ff00000, 0x000000074ff00000, 0x0000000750000000|  0%| F|  |TAMS 0x000000074ff00000, 0x000000074ff00000| Untracked 
| 172|0x0000000750000000, 0x0000000750000000, 0x0000000750100000|  0%| F|  |TAMS 0x0000000750000000, 0x0000000750000000| Untracked 
| 173|0x0000000750100000, 0x0000000750100000, 0x0000000750200000|  0%| F|  |TAMS 0x0000000750100000, 0x0000000750100000| Untracked 
| 174|0x0000000750200000, 0x0000000750200000, 0x0000000750300000|  0%| F|  |TAMS 0x0000000750200000, 0x0000000750200000| Untracked 
| 175|0x0000000750300000, 0x0000000750300000, 0x0000000750400000|  0%| F|  |TAMS 0x0000000750300000, 0x0000000750300000| Untracked 
| 176|0x0000000750400000, 0x0000000750480800, 0x0000000750500000| 50%| E|  |TAMS 0x0000000750400000, 0x0000000750400000| Complete 
| 177|0x0000000750500000, 0x0000000750600000, 0x0000000750600000|100%| E|CS|TAMS 0x0000000750500000, 0x0000000750500000| Complete 
| 178|0x0000000750600000, 0x0000000750700000, 0x0000000750700000|100%| E|CS|TAMS 0x0000000750600000, 0x0000000750600000| Complete 
| 179|0x0000000750700000, 0x0000000750800000, 0x0000000750800000|100%| E|CS|TAMS 0x0000000750700000, 0x0000000750700000| Complete 
| 180|0x0000000750800000, 0x0000000750900000, 0x0000000750900000|100%| E|CS|TAMS 0x0000000750800000, 0x0000000750800000| Complete 
| 181|0x0000000750900000, 0x0000000750a00000, 0x0000000750a00000|100%| E|CS|TAMS 0x0000000750900000, 0x0000000750900000| Complete 
| 182|0x0000000750a00000, 0x0000000750b00000, 0x0000000750b00000|100%| E|CS|TAMS 0x0000000750a00000, 0x0000000750a00000| Complete 
| 183|0x0000000750b00000, 0x0000000750c00000, 0x0000000750c00000|100%| E|CS|TAMS 0x0000000750b00000, 0x0000000750b00000| Complete 
| 184|0x0000000750c00000, 0x0000000750d00000, 0x0000000750d00000|100%| E|CS|TAMS 0x0000000750c00000, 0x0000000750c00000| Complete 
| 185|0x0000000750d00000, 0x0000000750e00000, 0x0000000750e00000|100%| E|CS|TAMS 0x0000000750d00000, 0x0000000750d00000| Complete 
| 186|0x0000000750e00000, 0x0000000750f00000, 0x0000000750f00000|100%| E|CS|TAMS 0x0000000750e00000, 0x0000000750e00000| Complete 
| 187|0x0000000750f00000, 0x0000000751000000, 0x0000000751000000|100%| E|CS|TAMS 0x0000000750f00000, 0x0000000750f00000| Complete 

Card table byte_map: [0x0000024d683d0000,0x0000024d689b0000] _byte_map_base: 0x0000024d649a6000

Marking Bits (Prev, Next): (CMBitMap*) 0x0000024d506c5f78, (CMBitMap*) 0x0000024d506c5fb0
 Prev Bits: [0x0000024d68f90000, 0x0000024d6be40000)
 Next Bits: [0x0000024d6be40000, 0x0000024d6ecf0000)

Polling page: 0x0000024d4e620000

Metaspace:

Usage:
  Non-class:     42.42 MB capacity,    42.07 MB (>99%) used,   290.58 KB ( <1%) free+waste,    72.31 KB ( <1%) overhead. 
      Class:      5.75 MB capacity,     5.53 MB ( 96%) used,   196.40 KB (  3%) free+waste,    31.69 KB ( <1%) overhead. 
       Both:     48.17 MB capacity,    47.60 MB ( 99%) used,   486.98 KB ( <1%) free+waste,   104.00 KB ( <1%) overhead. 

Virtual space:
  Non-class space:       44.00 MB reserved,      42.50 MB ( 97%) committed 
      Class space:        1.00 GB reserved,       5.82 MB ( <1%) committed 
             Both:        1.04 GB reserved,      48.32 MB (  5%) committed 

Chunk freelists:
   Non-Class:  18.00 KB
       Class:  27.00 KB
        Both:  45.00 KB

MaxMetaspaceSize: 17179869184.00 GB
CompressedClassSpaceSize: 1.00 GB
Initial GC threshold: 20.80 MB
Current GC threshold: 59.08 MB
CDS: off

CodeHeap 'non-profiled nmethods': size=120064Kb used=1968Kb max_used=1968Kb free=118095Kb
 bounds [0x0000024d608b0000, 0x0000024d60b20000, 0x0000024d67df0000]
CodeHeap 'profiled nmethods': size=120000Kb used=8824Kb max_used=8824Kb free=111175Kb
 bounds [0x0000024d59380000, 0x0000024d59c20000, 0x0000024d608b0000]
CodeHeap 'non-nmethods': size=5696Kb used=1270Kb max_used=1312Kb free=4425Kb
 bounds [0x0000024d58df0000, 0x0000024d59060000, 0x0000024d59380000]
 total_blobs=4468 nmethods=3915 adapters=465
 compilation: enabled
              stopped_count=0, restarted_count=0
 full_count=0

Compilation events (20 events):
Event: 18.310 Thread 0x0000024d71a4b800 3962       3       org.jetbrains.kotlin.com.intellij.psi.impl.file.impl.FileManagerImpl::getVFileToPsiDirMap (39 bytes)
Event: 18.311 Thread 0x0000024d71a4b800 nmethod 3962 0x0000024d59c18490 code [0x0000024d59c186e0, 0x0000024d59c19218]
Event: 18.311 Thread 0x0000024d71a4b800 3963       3       org.jetbrains.kotlin.com.intellij.openapi.util.NotNullLazyValue$1::compute (13 bytes)
Event: 18.312 Thread 0x0000024d71a4b800 nmethod 3963 0x0000024d59c19510 code [0x0000024d59c197c0, 0x0000024d59c1a588]
Event: 18.312 Thread 0x0000024d71a4b800 3964       3       org.jetbrains.kotlin.com.intellij.psi.impl.file.PsiDirectoryImpl::getParent (5 bytes)
Event: 18.312 Thread 0x0000024d71a4b800 nmethod 3964 0x0000024d59c1a990 code [0x0000024d59c1ab60, 0x0000024d59c1ad08]
Event: 18.313 Thread 0x0000024d71a4b800 3965       1       org.jetbrains.kotlin.resolve.lazy.descriptors.AbstractLazyMemberScope::getThisDescriptor (5 bytes)
Event: 18.313 Thread 0x0000024d71a4b800 nmethod 3965 0x0000024d60a9bf10 code [0x0000024d60a9c0c0, 0x0000024d60a9c178]
Event: 18.314 Thread 0x0000024d71a4b800 3966       3       org.jetbrains.kotlin.util.slicedMap.OpenAddressLinearProbingHashTableKt::access$put (8 bytes)
Event: 18.314 Thread 0x0000024d71a4b800 nmethod 3966 0x0000024d59c1ae10 code [0x0000024d59c1afc0, 0x0000024d59c1b0c8]
Event: 18.314 Thread 0x0000024d71a4b800 3967       3       org.jetbrains.kotlin.descriptors.impl.PackageFragmentDescriptorImpl::getContainingDeclaration (8 bytes)
Event: 18.315 Thread 0x0000024d71a4b800 nmethod 3967 0x0000024d59c1b190 code [0x0000024d59c1b3e0, 0x0000024d59c1bd58]
Event: 18.315 Thread 0x0000024d71a4b800 3968       3       org.jetbrains.kotlin.com.intellij.psi.impl.source.PsiFileImpl::derefTreeElement (8 bytes)
Event: 18.316 Thread 0x0000024d71a4b800 nmethod 3968 0x0000024d59c1c010 code [0x0000024d59c1c1e0, 0x0000024d59c1c5c8]
Event: 18.316 Thread 0x0000024d71a4b800 3969       3       java.util.Arrays::asList (9 bytes)
Event: 18.316 Thread 0x0000024d71a4b800 nmethod 3969 0x0000024d59c1c710 code [0x0000024d59c1c900, 0x0000024d59c1cd88]
Event: 18.317 Thread 0x0000024d71a4b800 3970       3       java.util.Arrays$ArrayList::<init> (16 bytes)
Event: 18.317 Thread 0x0000024d71a4b800 nmethod 3970 0x0000024d59c1cf10 code [0x0000024d59c1d100, 0x0000024d59c1d4e8]
Event: 18.317 Thread 0x0000024d71a4b800 3971       3       org.jetbrains.kotlin.psi.KtDotQualifiedExpression::getSelectorExpression (37 bytes)
Event: 18.318 Thread 0x0000024d71a4b800 nmethod 3971 0x0000024d59c1d690 code [0x0000024d59c1d8c0, 0x0000024d59c1e138]

GC Heap History (10 events):
Event: 1.107 GC heap before
{Heap before GC invocations=0 (full 0):
 garbage-first heap   total 192512K, used 17408K [0x0000000745400000, 0x0000000800000000)
  region size 1024K, 14 young (14336K), 0 survivors (0K)
 Metaspace       used 9774K, capacity 9899K, committed 10112K, reserved 1058816K
  class space    used 810K, capacity 852K, committed 896K, reserved 1048576K
}
Event: 1.148 GC heap after
{Heap after GC invocations=1 (full 0):
 garbage-first heap   total 192512K, used 5276K [0x0000000745400000, 0x0000000800000000)
  region size 1024K, 2 young (2048K), 2 survivors (2048K)
 Metaspace       used 9774K, capacity 9899K, committed 10112K, reserved 1058816K
  class space    used 810K, capacity 852K, committed 896K, reserved 1048576K
}
Event: 3.781 GC heap before
{Heap before GC invocations=1 (full 0):
 garbage-first heap   total 192512K, used 53404K [0x0000000745400000, 0x0000000800000000)
  region size 1024K, 50 young (51200K), 2 survivors (2048K)
 Metaspace       used 21027K, capacity 21248K, committed 21296K, reserved 1069056K
  class space    used 2206K, capacity 2303K, committed 2304K, reserved 1048576K
}
Event: 3.801 GC heap after
{Heap after GC invocations=2 (full 0):
 garbage-first heap   total 192512K, used 9763K [0x0000000745400000, 0x0000000800000000)
  region size 1024K, 7 young (7168K), 7 survivors (7168K)
 Metaspace       used 21027K, capacity 21248K, committed 21296K, reserved 1069056K
  class space    used 2206K, capacity 2303K, committed 2304K, reserved 1048576K
}
Event: 9.997 GC heap before
{Heap before GC invocations=3 (full 0):
 garbage-first heap   total 192512K, used 65059K [0x0000000745400000, 0x0000000800000000)
  region size 1024K, 56 young (57344K), 7 survivors (7168K)
 Metaspace       used 32407K, capacity 32805K, committed 33100K, reserved 1079296K
  class space    used 3980K, capacity 4145K, committed 4172K, reserved 1048576K
}
Event: 10.019 GC heap after
{Heap after GC invocations=4 (full 0):
 garbage-first heap   total 192512K, used 21786K [0x0000000745400000, 0x0000000800000000)
  region size 1024K, 7 young (7168K), 7 survivors (7168K)
 Metaspace       used 32407K, capacity 32805K, committed 33100K, reserved 1079296K
  class space    used 3980K, capacity 4145K, committed 4172K, reserved 1048576K
}
Event: 11.392 GC heap before
{Heap before GC invocations=4 (full 0):
 garbage-first heap   total 192512K, used 35098K [0x0000000745400000, 0x0000000800000000)
  region size 1024K, 21 young (21504K), 7 survivors (7168K)
 Metaspace       used 35485K, capacity 35914K, committed 36044K, reserved 1081344K
  class space    used 4315K, capacity 4499K, committed 4556K, reserved 1048576K
}
Event: 11.405 GC heap after
{Heap after GC invocations=5 (full 0):
 garbage-first heap   total 192512K, used 23749K [0x0000000745400000, 0x0000000800000000)
  region size 1024K, 2 young (2048K), 2 survivors (2048K)
 Metaspace       used 35485K, capacity 35914K, committed 36044K, reserved 1081344K
  class space    used 4315K, capacity 4499K, committed 4556K, reserved 1048576K
}
Event: 16.891 GC heap before
{Heap before GC invocations=6 (full 0):
 garbage-first heap   total 192512K, used 78021K [0x0000000745400000, 0x0000000800000000)
  region size 1024K, 55 young (56320K), 2 survivors (2048K)
 Metaspace       used 46057K, capacity 46531K, committed 46668K, reserved 1089536K
  class space    used 5358K, capacity 5580K, committed 5708K, reserved 1048576K
}
Event: 16.905 GC heap after
{Heap after GC invocations=7 (full 0):
 garbage-first heap   total 192512K, used 27401K [0x0000000745400000, 0x0000000800000000)
  region size 1024K, 7 young (7168K), 7 survivors (7168K)
 Metaspace       used 46057K, capacity 46531K, committed 46668K, reserved 1089536K
  class space    used 5358K, capacity 5580K, committed 5708K, reserved 1048576K
}

Deoptimization events (20 events):
Event: 16.752 Thread 0x0000024d50676000 Uncommon trap: trap_request=0xffffffc6 fr.pc=0x0000024d6098ed88 relative=0x00000000000014e8
Event: 16.752 Thread 0x0000024d50676000 Uncommon trap: reason=bimorphic_or_optimized_type_check action=maybe_recompile pc=0x0000024d6098ed88 method=java.util.zip.ZipFile.getZipEntry(Ljava/lang/String;[BILjava/util/function/Function;)Ljava/util/zip/ZipEntry; @ 108 c2
Event: 16.752 Thread 0x0000024d50676000 DEOPT PACKING pc=0x0000024d6098ed88 sp=0x000000ad584faf60
Event: 16.752 Thread 0x0000024d50676000 DEOPT UNPACKING pc=0x0000024d58e3a1af sp=0x000000ad584faf18 mode 2
Event: 16.774 Thread 0x0000024d50676000 Uncommon trap: trap_request=0xffffff4d fr.pc=0x0000024d60a6267c relative=0x000000000000043c
Event: 16.774 Thread 0x0000024d50676000 Uncommon trap: reason=unstable_if action=reinterpret pc=0x0000024d60a6267c method=java.lang.String.<init>([CIILjava/lang/Void;)V @ 5 c2
Event: 16.774 Thread 0x0000024d50676000 DEOPT PACKING pc=0x0000024d60a6267c sp=0x000000ad584faa50
Event: 16.774 Thread 0x0000024d50676000 DEOPT UNPACKING pc=0x0000024d58e3a1af sp=0x000000ad584faa10 mode 2
Event: 16.776 Thread 0x0000024d50676000 Uncommon trap: trap_request=0xffffffc6 fr.pc=0x0000024d6098ed88 relative=0x00000000000014e8
Event: 16.776 Thread 0x0000024d50676000 Uncommon trap: reason=bimorphic_or_optimized_type_check action=maybe_recompile pc=0x0000024d6098ed88 method=java.util.zip.ZipFile.getZipEntry(Ljava/lang/String;[BILjava/util/function/Function;)Ljava/util/zip/ZipEntry; @ 108 c2
Event: 16.776 Thread 0x0000024d50676000 DEOPT PACKING pc=0x0000024d6098ed88 sp=0x000000ad584faf60
Event: 16.776 Thread 0x0000024d50676000 DEOPT UNPACKING pc=0x0000024d58e3a1af sp=0x000000ad584faf18 mode 2
Event: 16.776 Thread 0x0000024d50676000 Uncommon trap: trap_request=0xffffffc6 fr.pc=0x0000024d6098ed88 relative=0x00000000000014e8
Event: 16.776 Thread 0x0000024d50676000 Uncommon trap: reason=bimorphic_or_optimized_type_check action=maybe_recompile pc=0x0000024d6098ed88 method=java.util.zip.ZipFile.getZipEntry(Ljava/lang/String;[BILjava/util/function/Function;)Ljava/util/zip/ZipEntry; @ 108 c2
Event: 16.777 Thread 0x0000024d50676000 DEOPT PACKING pc=0x0000024d6098ed88 sp=0x000000ad584faf60
Event: 16.777 Thread 0x0000024d50676000 DEOPT UNPACKING pc=0x0000024d58e3a1af sp=0x000000ad584faf18 mode 2
Event: 16.919 Thread 0x0000024d50676000 DEOPT PACKING pc=0x0000024d59a1437f sp=0x000000ad584fb080
Event: 16.919 Thread 0x0000024d50676000 DEOPT UNPACKING pc=0x0000024d58e3a95e sp=0x000000ad584fa4d0 mode 0
Event: 17.897 Thread 0x0000024d50676000 DEOPT PACKING pc=0x0000024d609fa698 sp=0x000000ad584f90e0
Event: 17.897 Thread 0x0000024d50676000 DEOPT UNPACKING pc=0x0000024d58e3a95e sp=0x000000ad584f8608 mode 0

Classes redefined (0 events):
No events

Internal exceptions (20 events):
Event: 3.809 Thread 0x0000024d50676000 Exception <a 'java/lang/NoSuchMethodError'{0x0000000750f28c50}: 'long java.lang.invoke.DirectMethodHandle$Holder.invokeStatic(java.lang.Object)'> (0x0000000750f28c50) thrown at [s\src\hotspot\share\interpreter\linkResolver.cpp, line 773]
Event: 3.814 Thread 0x0000024d50676000 Exception <a 'java/lang/NoSuchMethodError'{0x0000000750f2baa8}: 'long java.lang.invoke.DirectMethodHandle$Holder.invokeStaticInit(java.lang.Object)'> (0x0000000750f2baa8) thrown at [s\src\hotspot\share\interpreter\linkResolver.cpp, line 773]
Event: 3.982 Thread 0x0000024d50676000 Exception <a 'java/lang/NoSuchMethodError'{0x0000000750b51f18}: 'int java.lang.invoke.DirectMethodHandle$Holder.invokeStaticInit(java.lang.Object, java.lang.Object, java.lang.Object)'> (0x0000000750b51f18) thrown at [s\src\hotspot\share\interpreter\linkResolver.cpp, line 773]
Event: 3.991 Thread 0x0000024d50676000 Exception <a 'java/lang/NoSuchMethodError'{0x0000000750b7d568}: 'int java.lang.invoke.DirectMethodHandle$Holder.invokeStaticInit(java.lang.Object, java.lang.Object)'> (0x0000000750b7d568) thrown at [s\src\hotspot\share\interpreter\linkResolver.cpp, line 773]
Event: 4.100 Thread 0x0000024d50676000 Exception <a 'java/lang/NoSuchMethodError'{0x000000075098ec38}: 'void java.lang.invoke.DirectMethodHandle$Holder.invokeSpecial(java.lang.Object, java.lang.Object)'> (0x000000075098ec38) thrown at [s\src\hotspot\share\interpreter\linkResolver.cpp, line 773]
Event: 4.735 Thread 0x0000024d50676000 Exception <a 'java/lang/NoSuchMethodError'{0x000000075017f398}: 'java.lang.Object java.lang.invoke.DirectMethodHandle$Holder.invokeStatic(java.lang.Object, java.lang.Object, java.lang.Object, java.lang.Object, java.lang.Object, java.lang.Object, java.lang.Object, java.lang.Object, java.lang.Object, java.lang.Object, java.lang.Object, java.lang.Object, java.lang.Object, java.lang.Object, java.lang.Object)'> (0x000000075017f398) thrown at [s\src\hotspot\share\interpreter\linkResolver.cpp, line 773]
Event: 4.736 Thread 0x0000024d50676000 Exception <a 'java/lang/NoSuchMethodError'{0x000000075018d6d0}: 'java.lang.Object java.lang.invoke.DirectMethodHandle$Holder.invokeStatic(java.lang.Object, java.lang.Object, java.lang.Object, java.lang.Object, java.lang.Object, java.lang.Object, java.lang.Object, java.lang.Object, java.lang.Object, java.lang.Object, java.lang.Object, java.lang.Object, java.lang.Object, java.lang.Object, java.lang.Object, java.lang.Object)'> (0x000000075018d6d0) thrown at [s\src\hotspot\share\interpreter\linkResolver.cpp, l
Event: 4.738 Thread 0x0000024d50676000 Exception <a 'java/lang/NoSuchMethodError'{0x000000075019b5e8}: 'java.lang.Object java.lang.invoke.DirectMethodHandle$Holder.invokeSpecial(java.lang.Object, java.lang.Object, int, int, java.lang.Object, java.lang.Object, java.lang.Object)'> (0x000000075019b5e8) thrown at [s\src\hotspot\share\interpreter\linkResolver.cpp, line 773]
Event: 4.738 Thread 0x0000024d50676000 Exception <a 'java/lang/NoSuchMethodError'{0x000000075019ee20}: 'java.lang.Object java.lang.invoke.DelegatingMethodHandle$Holder.reinvoke_L(java.lang.Object, int, int, java.lang.Object, java.lang.Object, java.lang.Object)'> (0x000000075019ee20) thrown at [s\src\hotspot\share\interpreter\linkResolver.cpp, line 773]
Event: 4.739 Thread 0x0000024d50676000 Exception <a 'java/lang/NoSuchMethodError'{0x00000007501a31a8}: 'java.lang.Object java.lang.invoke.DirectMethodHandle$Holder.invokeStatic(java.lang.Object, java.lang.Object, java.lang.Object, java.lang.Object, int)'> (0x00000007501a31a8) thrown at [s\src\hotspot\share\interpreter\linkResolver.cpp, line 773]
Event: 4.861 Thread 0x0000024d50676000 Exception <a 'java/lang/NoSuchMethodError'{0x00000007500c8b20}: 'void java.lang.invoke.DirectMethodHandle$Holder.invokeStatic(java.lang.Object, java.lang.Object, java.lang.Object, java.lang.Object)'> (0x00000007500c8b20) thrown at [s\src\hotspot\share\interpreter\linkResolver.cpp, line 773]
Event: 5.123 Thread 0x0000024d50676000 Exception <a 'java/lang/NoSuchMethodError'{0x000000074fca9b88}: 'void java.lang.invoke.DirectMethodHandle$Holder.invokeStaticInit(java.lang.Object, java.lang.Object)'> (0x000000074fca9b88) thrown at [s\src\hotspot\share\interpreter\linkResolver.cpp, line 773]
Event: 5.351 Thread 0x0000024d50676000 Exception <a 'java/lang/NoSuchMethodError'{0x000000074f8d2570}: 'void java.lang.invoke.DirectMethodHandle$Holder.invokeVirtual(java.lang.Object, java.lang.Object)'> (0x000000074f8d2570) thrown at [s\src\hotspot\share\interpreter\linkResolver.cpp, line 773]
Event: 5.374 Thread 0x0000024d50676000 Exception <a 'java/lang/NoSuchMethodError'{0x000000074f75c198}: 'int java.lang.invoke.DirectMethodHandle$Holder.invokeVirtual(java.lang.Object, java.lang.Object)'> (0x000000074f75c198) thrown at [s\src\hotspot\share\interpreter\linkResolver.cpp, line 773]
Event: 11.426 Thread 0x0000024d50676000 Exception <a 'java/lang/NoSuchMethodError'{0x0000000750f02fd8}: 'java.lang.Object java.lang.invoke.DirectMethodHandle$Holder.invokeVirtual(java.lang.Object, java.lang.Object, java.lang.Object)'> (0x0000000750f02fd8) thrown at [s\src\hotspot\share\interpreter\linkResolver.cpp, line 773]
Event: 14.473 Thread 0x0000024d50676000 Exception <a 'java/lang/NoSuchMethodError'{0x000000074e611de8}: 'java.lang.Object java.lang.invoke.Invokers$Holder.linkToTargetMethod(java.lang.Object, int, java.lang.Object)'> (0x000000074e611de8) thrown at [s\src\hotspot\share\interpreter\linkResolver.cpp, line 773]
Event: 15.598 Thread 0x0000024d50676000 Implicit null exception at 0x0000024d60a1f14c to 0x0000024d60a1f234
Event: 16.230 Thread 0x0000024d50676000 Exception <a 'java/lang/NoSuchMethodError'{0x000000074de76778}: 'java.lang.Object java.lang.invoke.DirectMethodHandle$Holder.invokeStatic(java.lang.Object, java.lang.Object, java.lang.Object, int)'> (0x000000074de76778) thrown at [s\src\hotspot\share\interpreter\linkResolver.cpp, line 773]
Event: 16.231 Thread 0x0000024d50676000 Exception <a 'java/lang/NoSuchMethodError'{0x000000074de7a3e8}: 'java.lang.Object java.lang.invoke.DirectMethodHandle$Holder.invokeSpecial(java.lang.Object, java.lang.Object, java.lang.Object, java.lang.Object, int)'> (0x000000074de7a3e8) thrown at [s\src\hotspot\share\interpreter\linkResolver.cpp, line 773]
Event: 16.231 Thread 0x0000024d50676000 Exception <a 'java/lang/NoSuchMethodError'{0x000000074de7d6f8}: 'java.lang.Object java.lang.invoke.Invokers$Holder.linkToTargetMethod(java.lang.Object, java.lang.Object, int, java.lang.Object)'> (0x000000074de7d6f8) thrown at [s\src\hotspot\share\interpreter\linkResolver.cpp, line 773]

Events (20 events):
Event: 18.267 loading class gnu/trove/THashMap$MapBackedView
Event: 18.267 loading class gnu/trove/THashMap$MapBackedView done
Event: 18.271 loading class org/jetbrains/kotlin/descriptors/annotations/AnnotationsKt
Event: 18.271 loading class org/jetbrains/kotlin/descriptors/annotations/AnnotationsKt done
Event: 18.277 loading class org/jetbrains/kotlin/types/NullableSimpleType
Event: 18.277 loading class org/jetbrains/kotlin/types/NullableSimpleType done
Event: 18.277 loading class org/jetbrains/kotlin/types/DelegatingSimpleTypeImpl
Event: 18.277 loading class org/jetbrains/kotlin/types/DelegatingSimpleTypeImpl done
Event: 18.278 loading class org/jetbrains/kotlin/resolve/calls/util/UnderscoreUtilKt
Event: 18.278 loading class org/jetbrains/kotlin/resolve/calls/util/UnderscoreUtilKt done
Event: 18.280 loading class org/jetbrains/kotlin/load/java/lazy/descriptors/ClassDeclaredMemberIndex
Event: 18.280 loading class org/jetbrains/kotlin/load/java/lazy/descriptors/ClassDeclaredMemberIndex done
Event: 18.281 loading class org/jetbrains/kotlin/load/java/lazy/descriptors/DeclaredMemberIndex
Event: 18.281 loading class org/jetbrains/kotlin/load/java/lazy/descriptors/DeclaredMemberIndex done
Event: 18.281 loading class org/jetbrains/kotlin/load/java/lazy/descriptors/LazyJavaClassMemberScope$computeMemberIndex$1
Event: 18.281 loading class org/jetbrains/kotlin/load/java/lazy/descriptors/LazyJavaClassMemberScope$computeMemberIndex$1 done
Event: 18.282 loading class org/jetbrains/kotlin/load/java/lazy/descriptors/ClassDeclaredMemberIndex$methodFilter$1
Event: 18.282 loading class org/jetbrains/kotlin/load/java/lazy/descriptors/ClassDeclaredMemberIndex$methodFilter$1 done
Event: 18.282 loading class org/jetbrains/kotlin/load/java/structure/JavaLoadingKt
Event: 18.282 loading class org/jetbrains/kotlin/load/java/structure/JavaLoadingKt done


Dynamic libraries:
0x00007ff6175b0000 - 0x00007ff6175bd000 	C:\Program Files\Microsoft\jdk-11.0.20.8-hotspot\bin\java.exe
0x00007ff840a90000 - 0x00007ff840c88000 	C:\Windows\SYSTEM32\ntdll.dll
0x00007ff83f890000 - 0x00007ff83f94d000 	C:\Windows\System32\KERNEL32.DLL
0x00007ff83e250000 - 0x00007ff83e546000 	C:\Windows\System32\KERNELBASE.dll
0x00007ff83e150000 - 0x00007ff83e250000 	C:\Windows\System32\ucrtbase.dll
0x00007ff836f20000 - 0x00007ff836f37000 	C:\Program Files\Microsoft\jdk-11.0.20.8-hotspot\bin\jli.dll
0x00007ff840230000 - 0x00007ff8403ce000 	C:\Windows\System32\USER32.dll
0x00007ff83e750000 - 0x00007ff83e772000 	C:\Windows\System32\win32u.dll
0x00007ff8406a0000 - 0x00007ff8406cb000 	C:\Windows\System32\GDI32.dll
0x00007ff83e780000 - 0x00007ff83e897000 	C:\Windows\System32\gdi32full.dll
0x00007ff83e550000 - 0x00007ff83e5ed000 	C:\Windows\System32\msvcp_win.dll
0x00007ff8290f0000 - 0x00007ff829105000 	C:\Program Files\Microsoft\jdk-11.0.20.8-hotspot\bin\VCRUNTIME140.dll
0x00007ff81f2b0000 - 0x00007ff81f54a000 	C:\Windows\WinSxS\amd64_microsoft.windows.common-controls_6595b64144ccf1df_6.0.19041.3636_none_60b6a03d71f818d5\COMCTL32.dll
0x00007ff83f170000 - 0x00007ff83f20e000 	C:\Windows\System32\msvcrt.dll
0x00007ff83f130000 - 0x00007ff83f162000 	C:\Windows\System32\IMM32.DLL
0x00007ff80dea0000 - 0x00007ff80df3b000 	C:\Program Files\Microsoft\jdk-11.0.20.8-hotspot\bin\msvcp140.dll
0x00007ff800a00000 - 0x00007ff801596000 	C:\Program Files\Microsoft\jdk-11.0.20.8-hotspot\bin\server\jvm.dll
0x00007ff83f9b0000 - 0x00007ff83fa63000 	C:\Windows\System32\ADVAPI32.dll
0x00007ff8406f0000 - 0x00007ff84078f000 	C:\Windows\System32\sechost.dll
0x00007ff83ead0000 - 0x00007ff83ebf6000 	C:\Windows\System32\RPCRT4.dll
0x00007ff83eaa0000 - 0x00007ff83eac7000 	C:\Windows\System32\bcrypt.dll
0x00007ff83f000000 - 0x00007ff83f008000 	C:\Windows\System32\PSAPI.DLL
0x00007ff83b980000 - 0x00007ff83b989000 	C:\Windows\SYSTEM32\WSOCK32.dll
0x00007ff8401c0000 - 0x00007ff84022b000 	C:\Windows\System32\WS2_32.dll
0x00007ff82c210000 - 0x00007ff82c237000 	C:\Windows\SYSTEM32\WINMM.dll
0x00007ff83ba00000 - 0x00007ff83ba0a000 	C:\Windows\SYSTEM32\VERSION.dll
0x00007ff83c990000 - 0x00007ff83c9a2000 	C:\Windows\SYSTEM32\kernel.appcore.dll
0x00007ff836e80000 - 0x00007ff836e90000 	C:\Program Files\Microsoft\jdk-11.0.20.8-hotspot\bin\verify.dll
0x00007ff83b6a0000 - 0x00007ff83b884000 	C:\Windows\SYSTEM32\DBGHELP.DLL
0x00007ff82b070000 - 0x00007ff82b0a4000 	C:\Windows\SYSTEM32\dbgcore.DLL
0x00007ff83e960000 - 0x00007ff83e9e2000 	C:\Windows\System32\bcryptPrimitives.dll
0x00007ff81c590000 - 0x00007ff81c5b8000 	C:\Program Files\Microsoft\jdk-11.0.20.8-hotspot\bin\java.dll
0x00007ff8364a0000 - 0x00007ff8364aa000 	C:\Program Files\Microsoft\jdk-11.0.20.8-hotspot\bin\jimage.dll
0x00007ff81ffa0000 - 0x00007ff81ffb8000 	C:\Program Files\Microsoft\jdk-11.0.20.8-hotspot\bin\zip.dll
0x00007ff83fa70000 - 0x00007ff8401b5000 	C:\Windows\System32\SHELL32.dll
0x00007ff83c0f0000 - 0x00007ff83c88c000 	C:\Windows\SYSTEM32\windows.storage.dll
0x00007ff83ec00000 - 0x00007ff83ef54000 	C:\Windows\System32\combase.dll
0x00007ff83dab0000 - 0x00007ff83dade000 	C:\Windows\SYSTEM32\Wldp.dll
0x00007ff840980000 - 0x00007ff840a4d000 	C:\Windows\System32\OLEAUT32.dll
0x00007ff840580000 - 0x00007ff84062d000 	C:\Windows\System32\SHCORE.dll
0x00007ff8407f0000 - 0x00007ff840845000 	C:\Windows\System32\shlwapi.dll
0x00007ff83e080000 - 0x00007ff83e0a5000 	C:\Windows\SYSTEM32\profapi.dll
0x00007ff81fd20000 - 0x00007ff81fd39000 	C:\Program Files\Microsoft\jdk-11.0.20.8-hotspot\bin\net.dll
0x00007ff82f6f0000 - 0x00007ff82f7fa000 	C:\Windows\SYSTEM32\WINHTTP.dll
0x00007ff83d810000 - 0x00007ff83d87a000 	C:\Windows\system32\mswsock.dll
0x00007ff81f920000 - 0x00007ff81f933000 	C:\Program Files\Microsoft\jdk-11.0.20.8-hotspot\bin\nio.dll

dbghelp: loaded successfully - version: 4.0.5 - missing functions: none
symbol engine: initialized successfully - sym options: 0x614 - pdb path: .;C:\Program Files\Microsoft\jdk-11.0.20.8-hotspot\bin;C:\Windows\SYSTEM32;C:\Windows\WinSxS\amd64_microsoft.windows.common-controls_6595b64144ccf1df_6.0.19041.3636_none_60b6a03d71f818d5;C:\Program Files\Microsoft\jdk-11.0.20.8-hotspot\bin\server

VM Arguments:
java_command: org.jetbrains.kotlin.cli.jvm.K2JVMCompiler @D:\storytime_mobile0\StoryTime_Frontend\node_modules\react-native-compressor\android\build\20240227_2987908782305903697.compiler.options
java_class_path (initial): C:\Users\dell\.gradle\caches\modules-2\files-2.1\org.jetbrains.kotlin\kotlin-compiler-embeddable\1.7.0\4d09852239f61842072b40b524882fa3caaed371\kotlin-compiler-embeddable-1.7.0.jar;C:\Users\dell\.gradle\caches\modules-2\files-2.1\org.jetbrains.kotlin\kotlin-reflect\1.7.0\e660b0079fdaf744dc9cc7f6f3aa3c761ec839b0\kotlin-reflect-1.7.0.jar;C:\Users\dell\.gradle\caches\modules-2\files-2.1\org.jetbrains.kotlin\kotlin-stdlib\1.7.0\a5f42c684ad9003160ef0d0f693ecf0ba7b13549\kotlin-stdlib-1.7.0.jar;C:\Users\dell\.gradle\caches\modules-2\files-2.1\org.jetbrains.kotlin\kotlin-script-runtime\1.7.0\3acea1d447587e61bc3e1b3ed6227d9e9ed4ddf1\kotlin-script-runtime-1.7.0.jar;C:\Users\dell\.gradle\caches\modules-2\files-2.1\org.jetbrains.kotlin\kotlin-daemon-embeddable\1.7.0\fd56798de80825c673ac93808284c5198ffa2b50\kotlin-daemon-embeddable-1.7.0.jar;C:\Users\dell\.gradle\caches\modules-2\files-2.1\org.jetbrains.intellij.deps\trove4j\1.0.20200330\3afb14d5f9ceb459d724e907a21145e8ff394f02\trove4j-1.0.20200330.jar;C:\Users\dell\.gradle\caches\modules-2\files-2.1\net.java.dev.jna\jna\5.6.0\330f2244e9030119ab3030fc3fededc86713d9cc\jna-5.6.0.jar;C:\Users\dell\.gradle\caches\modules-2\files-2.1\org.jetbrains.kotlin\kotlin-stdlib-common\1.7.0\51736992f422993a1e741051bdf3c12801bc1ca1\kotlin-stdlib-common-1.7.0.jar;C:\Users\dell\.gradle\caches\modules-2\files-2.1\org.jetbrains\annotations\13.0\919f0dfe192fb4e063e7dacadee7f8bb9a2672a9\annotations-13.0.jar
Launcher Type: SUN_STANDARD

[Global flags]
     intx CICompilerCount                          = 3                                         {product} {ergonomic}
     uint ConcGCThreads                            = 1                                         {product} {ergonomic}
     uint G1ConcRefinementThreads                  = 4                                         {product} {ergonomic}
   size_t G1HeapRegionSize                         = 1048576                                   {product} {ergonomic}
    uintx GCDrainStackTargetSize                   = 64                                        {product} {ergonomic}
   size_t InitialHeapSize                          = 197132288                                 {product} {ergonomic}
   size_t MarkStackSize                            = 4194304                                   {product} {ergonomic}
   size_t MaxHeapSize                              = 3133145088                                {product} {ergonomic}
   size_t MaxNewSize                               = 1879048192                                {product} {ergonomic}
   size_t MinHeapDeltaBytes                        = 1048576                                   {product} {ergonomic}
    uintx NonNMethodCodeHeapSize                   = 5830732                                {pd product} {ergonomic}
    uintx NonProfiledCodeHeapSize                  = 122913754                              {pd product} {ergonomic}
    uintx ProfiledCodeHeapSize                     = 122913754                              {pd product} {ergonomic}
    uintx ReservedCodeCacheSize                    = 251658240                              {pd product} {ergonomic}
     bool SegmentedCodeCache                       = true                                      {product} {ergonomic}
     bool UseCompressedClassPointers               = true                                 {lp64_product} {ergonomic}
     bool UseCompressedOops                        = true                                 {lp64_product} {ergonomic}
     bool UseG1GC                                  = true                                      {product} {ergonomic}
     bool UseLargePagesIndividualAllocation        = false                                  {pd product} {ergonomic}

Logging:
Log output configuration:
 #0: stdout all=warning uptime,level,tags
 #1: stderr all=off uptime,level,tags

Environment Variables:
JAVA_HOME=C:\Program Files\Microsoft\jdk-11.0.20.8-hotspot\
CLASSPATH=D:\storytime_mobile0\StoryTime_Frontend\android\\gradle\wrapper\gradle-wrapper.jar
PATH=D:\storytime_mobile0\storytime_frontend\node_modules\.bin;D:\storytime_mobile0\storytime_frontend\node_modules\.bin;D:\storytime_mobile0\node_modules\.bin;D:\node_modules\.bin;C:\Program Files\nodejs\node_modules\npm\node_modules\@npmcli\run-script\lib\node-gyp-bin;C:\Program Files\Microsoft\jdk-11.0.20.8-hotspot\bin;C:\Python312\Scripts\;C:\Python312\;C:\Python311\Scripts\;C:\Python311\;C:\Program Files\Common Files\Oracle\Java\javapath;C:\Windows\system32;C:\Windows;C:\Windows\System32\Wbem;C:\Windows\System32\WindowsPowerShell\v1.0\;C:\Windows\System32\OpenSSH\;C:\Program Files\dotnet\;C:\Program Files\Git\cmd;C:\Program Files\MongoDB\Server\6.0\bin;C:\mongosh-1.8.0-win32-x64\bin;C:\ProgramData\chocolatey\bin;C:\Program Files\Microsoft\jdk-11.0.20.8-hotspot\\bin;C:\Program Files\nodejs\;C:\Users\dell\AppData\Local\Microsoft\WindowsApps;C:\Users\dell\AppData\Local\GitHubDesktop\bin;C:\Users\dell\AppData\Local\Programs\Microsoft VS Code\bin;C:\Users\dell\AppData\Roaming\npm;D:\Android\Sdk\platform-tools;
USERNAME=dell
LANG=en_US.UTF-8
OS=Windows_NT
PROCESSOR_IDENTIFIER=Intel64 Family 6 Model 78 Stepping 3, GenuineIntel
TMP=C:\Users\dell\AppData\Local\Temp
TEMP=C:\Users\dell\AppData\Local\Temp



---------------  S Y S T E M  ---------------

OS: Windows 10 , 64 bit Build 19041 (10.0.19041.3636)
OS uptime: 9 days 13:46 hours

CPU:total 4 (initial active 4) (2 cores per cpu, 2 threads per core) family 6 model 78 stepping 3 microcode 0xd6, cmov, cx8, fxsr, mmx, sse, sse2, sse3, ssse3, sse4.1, sse4.2, popcnt, avx, avx2, aes, clmul, erms, rtm, 3dnowpref, lzcnt, ht, tsc, tscinvbit, bmi1, bmi2, adx, fma

Memory: 4k page, system-wide physical 11949M (550M free)
TotalPageFile size 24380M (AvailPageFile size 2M)
current process WorkingSet (physical memory assigned to process): 232M, peak: 240M
current process commit charge ("private bytes"): 370M, peak: 381M

vm_info: OpenJDK 64-Bit Server VM (11.0.20+8-LTS) for windows-amd64 JRE (11.0.20+8-LTS), built on Jul  7 2023 17:05:21 by "MicrosoftCorporation" with MS VC++ 15.9 (VS2017)

END.
