#
# There is insufficient memory for the Java Runtime Environment to continue.
# Native memory allocation (malloc) failed to allocate 1169456 bytes for Chunk::new
# Possible reasons:
#   The system is out of physical RAM or swap space
#   The process is running with CompressedOops enabled, and the Java Heap may be blocking the growth of the native heap
# Possible solutions:
#   Reduce memory load on the system
#   Increase physical memory or swap space
#   Check if swap backing store is full
#   Decrease Java heap size (-Xmx/-Xms)
#   Decrease number of Java threads
#   Decrease Java thread stack sizes (-Xss)
#   Set larger code cache with -XX:ReservedCodeCacheSize=
#   JVM is running with Unscaled Compressed Oops mode in which the Java heap is
#     placed in the first 4GB address space. The Java Heap base address is the
#     maximum limit for the native heap growth. Please use -XX:HeapBaseMinAddress
#     to set the Java Heap base and to place the Java Heap above 4GB virtual address.
# This output file may be truncated or incomplete.
#
#  Out of Memory Error (arena.cpp:197), pid=13280, tid=19092
#
# JRE version: OpenJDK Runtime Environment Microsoft-8035250 (11.0.20+8) (build 11.0.20+8-LTS)
# Java VM: OpenJDK 64-Bit Server VM Microsoft-8035250 (11.0.20+8-LTS, mixed mode, tiered, compressed oops, g1 gc, windows-amd64)
# No core dump will be written. Minidumps are not enabled by default on client versions of Windows
#

---------------  S U M M A R Y ------------

Command Line: -XX:MaxMetaspaceSize=512m --add-opens=java.base/java.util=ALL-UNNAMED --add-opens=java.base/java.lang=ALL-UNNAMED --add-opens=java.base/java.lang.invoke=ALL-UNNAMED --add-opens=java.prefs/java.util.prefs=ALL-UNNAMED --add-opens=java.base/java.nio.charset=ALL-UNNAMED --add-opens=java.base/java.net=ALL-UNNAMED --add-opens=java.base/java.util.concurrent.atomic=ALL-UNNAMED -Xmx2048m -Dfile.encoding=windows-1252 -Duser.country=US -Duser.language=en -Duser.variant org.gradle.launcher.daemon.bootstrap.GradleDaemon 8.0.1

Host: Intel(R) Core(TM) i5-6300U CPU @ 2.40GHz, 4 cores, 7G,  Windows 10 , 64 bit Build 19041 (10.0.19041.3636)
Time: Tue Dec  5 22:12:44 2023 Pakistan Standard Time elapsed time: 9.247682 seconds (0d 0h 0m 9s)

---------------  T H R E A D  ---------------

Current thread (0x000001a3dcf80800):  JavaThread "C2 CompilerThread0" daemon [_thread_in_native, id=19092, stack(0x0000001ae6800000,0x0000001ae6900000)]


Current CompileTask:
C2:   9247 2399   !   4       java.net.URL::<init> (543 bytes)

Stack: [0x0000001ae6800000,0x0000001ae6900000]
Native frames: (J=compiled Java code, j=interpreted, Vv=VM code, C=native code)
V  [jvm.dll+0x62e9da]
V  [jvm.dll+0x7bc4e9]
V  [jvm.dll+0x7bdbd8]
V  [jvm.dll+0x7be2b3]
V  [jvm.dll+0x2505a8]
V  [jvm.dll+0xc263c]
V  [jvm.dll+0xc2bfc]
V  [jvm.dll+0x35fdc7]
V  [jvm.dll+0x19f201]
V  [jvm.dll+0x2098c5]
V  [jvm.dll+0x20893d]
V  [jvm.dll+0x18a7de]
V  [jvm.dll+0x2181ec]
V  [jvm.dll+0x21642b]
V  [jvm.dll+0x77efc0]
V  [jvm.dll+0x777db4]
V  [jvm.dll+0x62d845]
C  [ucrtbase.dll+0x21bb2]
C  [KERNEL32.DLL+0x17344]
C  [ntdll.dll+0x526b1]


---------------  P R O C E S S  ---------------

Threads class SMR info:
_java_thread_list=0x000001a3e1052b30, length=28, elements={
0x000001a3bbe60000, 0x000001a3dc612000, 0x000001a3dc609800, 0x000001a3dc662000,
0x000001a3dc664000, 0x000001a3dc665000, 0x000001a3dcf80800, 0x000001a3dcf83800,
0x000001a3dd001000, 0x000001a3dd0ed800, 0x000001a3ddc27800, 0x000001a3de6a3800,
0x000001a3de676800, 0x000001a3de812000, 0x000001a3de6f1000, 0x000001a3ddca3800,
0x000001a3de9af000, 0x000001a3deef9800, 0x000001a3de7b5800, 0x000001a3de9ad800,
0x000001a3ddd1b800, 0x000001a3ddd16800, 0x000001a3ddd18000, 0x000001a3ddd17000,
0x000001a3ddd19800, 0x000001a3ddd19000, 0x000001a3ddd1a800, 0x000001a3ddd15800
}

Java Threads: ( => current thread )
  0x000001a3bbe60000 JavaThread "main" [_thread_blocked, id=19364, stack(0x0000001ae5c00000,0x0000001ae5d00000)]
  0x000001a3dc612000 JavaThread "Reference Handler" daemon [_thread_blocked, id=14996, stack(0x0000001ae6300000,0x0000001ae6400000)]
  0x000001a3dc609800 JavaThread "Finalizer" daemon [_thread_blocked, id=5888, stack(0x0000001ae6400000,0x0000001ae6500000)]
  0x000001a3dc662000 JavaThread "Signal Dispatcher" daemon [_thread_blocked, id=19988, stack(0x0000001ae6500000,0x0000001ae6600000)]
  0x000001a3dc664000 JavaThread "Attach Listener" daemon [_thread_blocked, id=10592, stack(0x0000001ae6600000,0x0000001ae6700000)]
  0x000001a3dc665000 JavaThread "Service Thread" daemon [_thread_blocked, id=15592, stack(0x0000001ae6700000,0x0000001ae6800000)]
=>0x000001a3dcf80800 JavaThread "C2 CompilerThread0" daemon [_thread_in_native, id=19092, stack(0x0000001ae6800000,0x0000001ae6900000)]
  0x000001a3dcf83800 JavaThread "C1 CompilerThread0" daemon [_thread_in_native, id=17544, stack(0x0000001ae6900000,0x0000001ae6a00000)]
  0x000001a3dd001000 JavaThread "Sweeper thread" daemon [_thread_blocked, id=20404, stack(0x0000001ae6a00000,0x0000001ae6b00000)]
  0x000001a3dd0ed800 JavaThread "Common-Cleaner" daemon [_thread_blocked, id=8980, stack(0x0000001ae6b00000,0x0000001ae6c00000)]
  0x000001a3ddc27800 JavaThread "Daemon health stats" [_thread_blocked, id=2484, stack(0x0000001ae6e00000,0x0000001ae6f00000)]
  0x000001a3de6a3800 JavaThread "Incoming local TCP Connector on port 55556" [_thread_in_native, id=16256, stack(0x0000001ae6f00000,0x0000001ae7000000)]
  0x000001a3de676800 JavaThread "Daemon periodic checks" [_thread_blocked, id=18276, stack(0x0000001ae7000000,0x0000001ae7100000)]
  0x000001a3de812000 JavaThread "Daemon" [_thread_blocked, id=12748, stack(0x0000001ae7100000,0x0000001ae7200000)]
  0x000001a3de6f1000 JavaThread "Handler for socket connection from /127.0.0.1:55556 to /127.0.0.1:55557" [_thread_in_native, id=19592, stack(0x0000001ae7200000,0x0000001ae7300000)]
  0x000001a3ddca3800 JavaThread "Cancel handler" [_thread_blocked, id=13264, stack(0x0000001ae7300000,0x0000001ae7400000)]
  0x000001a3de9af000 JavaThread "Daemon worker" [_thread_in_vm, id=14012, stack(0x0000001ae7400000,0x0000001ae7500000)]
  0x000001a3deef9800 JavaThread "Asynchronous log dispatcher for DefaultDaemonConnection: socket connection from /127.0.0.1:55556 to /127.0.0.1:55557" [_thread_blocked, id=16268, stack(0x0000001ae7500000,0x0000001ae7600000)]
  0x000001a3de7b5800 JavaThread "Stdin handler" [_thread_blocked, id=2092, stack(0x0000001ae7600000,0x0000001ae7700000)]
  0x000001a3de9ad800 JavaThread "Daemon client event forwarder" [_thread_blocked, id=7084, stack(0x0000001ae7700000,0x0000001ae7800000)]
  0x000001a3ddd1b800 JavaThread "Cache worker for journal cache (C:\Users\dell\.gradle\caches\journal-1)" [_thread_blocked, id=1868, stack(0x0000001ae7a00000,0x0000001ae7b00000)]
  0x000001a3ddd16800 JavaThread "File lock request listener" [_thread_in_native, id=7636, stack(0x0000001ae7b00000,0x0000001ae7c00000)]
  0x000001a3ddd18000 JavaThread "Cache worker for file hash cache (C:\Users\dell\.gradle\caches\8.0.1\fileHashes)" [_thread_blocked, id=17064, stack(0x0000001ae7c00000,0x0000001ae7d00000)]
  0x000001a3ddd17000 JavaThread "File watcher server" daemon [_thread_in_native, id=13996, stack(0x0000001ae7d00000,0x0000001ae7e00000)]
  0x000001a3ddd19800 JavaThread "File watcher consumer" daemon [_thread_blocked, id=7356, stack(0x0000001ae7e00000,0x0000001ae7f00000)]
  0x000001a3ddd19000 JavaThread "Cache worker for checksums cache (D:\Moadventure-app\moAdventure_mobile\android\.gradle\8.0.1\checksums)" [_thread_blocked, id=14196, stack(0x0000001ae7f00000,0x0000001ae8000000)]
  0x000001a3ddd1a800 JavaThread "Cache worker for cache directory md-rule (C:\Users\dell\.gradle\caches\8.0.1\md-rule)" [_thread_blocked, id=14816, stack(0x0000001ae8000000,0x0000001ae8100000)]
  0x000001a3ddd15800 JavaThread "Cache worker for file content cache (C:\Users\dell\.gradle\caches\8.0.1\fileContent)" [_thread_blocked, id=13136, stack(0x0000001ae8100000,0x0000001ae8200000)]

Other Threads:
  0x000001a3dc5fd000 VMThread "VM Thread" [stack: 0x0000001ae6200000,0x0000001ae6300000] [id=14380]
  0x000001a3dd142800 WatcherThread [stack: 0x0000001ae6c00000,0x0000001ae6d00000] [id=9068]
  0x000001a3bbe78800 GCTaskThread "GC Thread#0" [stack: 0x0000001ae5d00000,0x0000001ae5e00000] [id=9532]
  0x000001a3dd1b1800 GCTaskThread "GC Thread#1" [stack: 0x0000001ae6d00000,0x0000001ae6e00000] [id=14924]
  0x000001a3de9ae800 GCTaskThread "GC Thread#2" [stack: 0x0000001ae7800000,0x0000001ae7900000] [id=7392]
  0x000001a3ddc7b800 GCTaskThread "GC Thread#3" [stack: 0x0000001ae7900000,0x0000001ae7a00000] [id=13668]
  0x000001a3bbea9800 ConcurrentGCThread "G1 Main Marker" [stack: 0x0000001ae5e00000,0x0000001ae5f00000] [id=17392]
  0x000001a3bbeab000 ConcurrentGCThread "G1 Conc#0" [stack: 0x0000001ae5f00000,0x0000001ae6000000] [id=9380]
  0x000001a3bbf2e000 ConcurrentGCThread "G1 Refine#0" [stack: 0x0000001ae6000000,0x0000001ae6100000] [id=8748]
  0x000001a3dc480800 ConcurrentGCThread "G1 Young RemSet Sampling" [stack: 0x0000001ae6100000,0x0000001ae6200000] [id=12864]

Threads with active compile tasks:
C2 CompilerThread0     9300 2399   !   4       java.net.URL::<init> (543 bytes)

VM state:not at safepoint (normal execution)

VM Mutex/Monitor currently owned by a thread: None

Heap address: 0x0000000080000000, size: 2048 MB, Compressed Oops mode: 32-bit
Narrow klass base: 0x0000000000000000, Narrow klass shift: 3
Compressed class space size: 528482304 Address: 0x0000000100000000

Heap:
 garbage-first heap   total 126976K, used 63093K [0x0000000080000000, 0x0000000100000000)
  region size 1024K, 46 young (47104K), 3 survivors (3072K)
 Metaspace       used 29205K, capacity 29851K, committed 30128K, reserved 542720K
  class space    used 3775K, capacity 4057K, committed 4096K, reserved 516096K
Heap Regions: E=young(eden), S=young(survivor), O=old, HS=humongous(starts), HC=humongous(continues), CS=collection set, F=free, A=archive, TAMS=top-at-mark-start (previous, next)
|   0|0x0000000080000000, 0x0000000080100000, 0x0000000080100000|100%| O|  |TAMS 0x0000000080100000, 0x0000000080000000| Untracked 
|   1|0x0000000080100000, 0x0000000080200000, 0x0000000080200000|100%| O|  |TAMS 0x0000000080200000, 0x0000000080100000| Untracked 
|   2|0x0000000080200000, 0x0000000080300000, 0x0000000080300000|100%| O|  |TAMS 0x0000000080300000, 0x0000000080200000| Untracked 
|   3|0x0000000080300000, 0x0000000080400000, 0x0000000080400000|100%|HS|  |TAMS 0x0000000080400000, 0x0000000080300000| Complete 
|   4|0x0000000080400000, 0x0000000080500000, 0x0000000080500000|100%|HC|  |TAMS 0x0000000080500000, 0x0000000080400000| Complete 
|   5|0x0000000080500000, 0x0000000080600000, 0x0000000080600000|100%|HC|  |TAMS 0x0000000080600000, 0x0000000080500000| Complete 
|   6|0x0000000080600000, 0x0000000080700000, 0x0000000080700000|100%|HC|  |TAMS 0x0000000080700000, 0x0000000080600000| Complete 
|   7|0x0000000080700000, 0x0000000080800000, 0x0000000080800000|100%| O|  |TAMS 0x0000000080800000, 0x0000000080700000| Untracked 
|   8|0x0000000080800000, 0x0000000080900000, 0x0000000080900000|100%| O|  |TAMS 0x0000000080900000, 0x0000000080800000| Untracked 
|   9|0x0000000080900000, 0x0000000080a00000, 0x0000000080a00000|100%| O|  |TAMS 0x0000000080a00000, 0x0000000080900000| Untracked 
|  10|0x0000000080a00000, 0x0000000080b00000, 0x0000000080b00000|100%| O|  |TAMS 0x0000000080b00000, 0x0000000080a00000| Untracked 
|  11|0x0000000080b00000, 0x0000000080c00000, 0x0000000080c00000|100%| O|  |TAMS 0x0000000080c00000, 0x0000000080b00000| Untracked 
|  12|0x0000000080c00000, 0x0000000080d00000, 0x0000000080d00000|100%| O|  |TAMS 0x0000000080d00000, 0x0000000080c00000| Untracked 
|  13|0x0000000080d00000, 0x0000000080e00000, 0x0000000080e00000|100%| O|  |TAMS 0x0000000080e00000, 0x0000000080d00000| Untracked 
|  14|0x0000000080e00000, 0x0000000080f00000, 0x0000000080f00000|100%| O|  |TAMS 0x0000000080f00000, 0x0000000080e00000| Untracked 
|  15|0x0000000080f00000, 0x0000000081000000, 0x0000000081000000|100%| O|  |TAMS 0x0000000081000000, 0x0000000080f00000| Untracked 
|  16|0x0000000081000000, 0x0000000081100000, 0x0000000081100000|100%| O|  |TAMS 0x0000000081100000, 0x0000000081000000| Untracked 
|  17|0x0000000081100000, 0x0000000081154c00, 0x0000000081200000| 33%| O|  |TAMS 0x0000000081154c00, 0x0000000081100000| Untracked 
|  18|0x0000000081200000, 0x0000000081200000, 0x0000000081300000|  0%| F|  |TAMS 0x0000000081200000, 0x0000000081200000| Untracked 
|  19|0x0000000081300000, 0x0000000081300000, 0x0000000081400000|  0%| F|  |TAMS 0x0000000081300000, 0x0000000081300000| Untracked 
|  20|0x0000000081400000, 0x0000000081400000, 0x0000000081500000|  0%| F|  |TAMS 0x0000000081400000, 0x0000000081400000| Untracked 
|  21|0x0000000081500000, 0x0000000081500000, 0x0000000081600000|  0%| F|  |TAMS 0x0000000081500000, 0x0000000081500000| Untracked 
|  22|0x0000000081600000, 0x0000000081600000, 0x0000000081700000|  0%| F|  |TAMS 0x0000000081600000, 0x0000000081600000| Untracked 
|  23|0x0000000081700000, 0x0000000081700000, 0x0000000081800000|  0%| F|  |TAMS 0x0000000081700000, 0x0000000081700000| Untracked 
|  24|0x0000000081800000, 0x0000000081800000, 0x0000000081900000|  0%| F|  |TAMS 0x0000000081800000, 0x0000000081800000| Untracked 
|  25|0x0000000081900000, 0x0000000081900000, 0x0000000081a00000|  0%| F|  |TAMS 0x0000000081900000, 0x0000000081900000| Untracked 
|  26|0x0000000081a00000, 0x0000000081a00000, 0x0000000081b00000|  0%| F|  |TAMS 0x0000000081a00000, 0x0000000081a00000| Untracked 
|  27|0x0000000081b00000, 0x0000000081b00000, 0x0000000081c00000|  0%| F|  |TAMS 0x0000000081b00000, 0x0000000081b00000| Untracked 
|  28|0x0000000081c00000, 0x0000000081c00000, 0x0000000081d00000|  0%| F|  |TAMS 0x0000000081c00000, 0x0000000081c00000| Untracked 
|  29|0x0000000081d00000, 0x0000000081d00000, 0x0000000081e00000|  0%| F|  |TAMS 0x0000000081d00000, 0x0000000081d00000| Untracked 
|  30|0x0000000081e00000, 0x0000000081e00000, 0x0000000081f00000|  0%| F|  |TAMS 0x0000000081e00000, 0x0000000081e00000| Untracked 
|  31|0x0000000081f00000, 0x0000000081f00000, 0x0000000082000000|  0%| F|  |TAMS 0x0000000081f00000, 0x0000000081f00000| Untracked 
|  32|0x0000000082000000, 0x0000000082000000, 0x0000000082100000|  0%| F|  |TAMS 0x0000000082000000, 0x0000000082000000| Untracked 
|  33|0x0000000082100000, 0x0000000082100000, 0x0000000082200000|  0%| F|  |TAMS 0x0000000082100000, 0x0000000082100000| Untracked 
|  34|0x0000000082200000, 0x0000000082200000, 0x0000000082300000|  0%| F|  |TAMS 0x0000000082200000, 0x0000000082200000| Untracked 
|  35|0x0000000082300000, 0x0000000082300000, 0x0000000082400000|  0%| F|  |TAMS 0x0000000082300000, 0x0000000082300000| Untracked 
|  36|0x0000000082400000, 0x0000000082400000, 0x0000000082500000|  0%| F|  |TAMS 0x0000000082400000, 0x0000000082400000| Untracked 
|  37|0x0000000082500000, 0x0000000082500000, 0x0000000082600000|  0%| F|  |TAMS 0x0000000082500000, 0x0000000082500000| Untracked 
|  38|0x0000000082600000, 0x0000000082600000, 0x0000000082700000|  0%| F|  |TAMS 0x0000000082600000, 0x0000000082600000| Untracked 
|  39|0x0000000082700000, 0x0000000082700000, 0x0000000082800000|  0%| F|  |TAMS 0x0000000082700000, 0x0000000082700000| Untracked 
|  40|0x0000000082800000, 0x0000000082800000, 0x0000000082900000|  0%| F|  |TAMS 0x0000000082800000, 0x0000000082800000| Untracked 
|  41|0x0000000082900000, 0x0000000082900000, 0x0000000082a00000|  0%| F|  |TAMS 0x0000000082900000, 0x0000000082900000| Untracked 
|  42|0x0000000082a00000, 0x0000000082a00000, 0x0000000082b00000|  0%| F|  |TAMS 0x0000000082a00000, 0x0000000082a00000| Untracked 
|  43|0x0000000082b00000, 0x0000000082b00000, 0x0000000082c00000|  0%| F|  |TAMS 0x0000000082b00000, 0x0000000082b00000| Untracked 
|  44|0x0000000082c00000, 0x0000000082c00000, 0x0000000082d00000|  0%| F|  |TAMS 0x0000000082c00000, 0x0000000082c00000| Untracked 
|  45|0x0000000082d00000, 0x0000000082d00000, 0x0000000082e00000|  0%| F|  |TAMS 0x0000000082d00000, 0x0000000082d00000| Untracked 
|  46|0x0000000082e00000, 0x0000000082e00000, 0x0000000082f00000|  0%| F|  |TAMS 0x0000000082e00000, 0x0000000082e00000| Untracked 
|  47|0x0000000082f00000, 0x0000000082f00000, 0x0000000083000000|  0%| F|  |TAMS 0x0000000082f00000, 0x0000000082f00000| Untracked 
|  48|0x0000000083000000, 0x0000000083000000, 0x0000000083100000|  0%| F|  |TAMS 0x0000000083000000, 0x0000000083000000| Untracked 
|  49|0x0000000083100000, 0x0000000083100000, 0x0000000083200000|  0%| F|  |TAMS 0x0000000083100000, 0x0000000083100000| Untracked 
|  50|0x0000000083200000, 0x0000000083200000, 0x0000000083300000|  0%| F|  |TAMS 0x0000000083200000, 0x0000000083200000| Untracked 
|  51|0x0000000083300000, 0x0000000083300000, 0x0000000083400000|  0%| F|  |TAMS 0x0000000083300000, 0x0000000083300000| Untracked 
|  52|0x0000000083400000, 0x0000000083400000, 0x0000000083500000|  0%| F|  |TAMS 0x0000000083400000, 0x0000000083400000| Untracked 
|  53|0x0000000083500000, 0x0000000083500000, 0x0000000083600000|  0%| F|  |TAMS 0x0000000083500000, 0x0000000083500000| Untracked 
|  54|0x0000000083600000, 0x0000000083600000, 0x0000000083700000|  0%| F|  |TAMS 0x0000000083600000, 0x0000000083600000| Untracked 
|  55|0x0000000083700000, 0x0000000083700000, 0x0000000083800000|  0%| F|  |TAMS 0x0000000083700000, 0x0000000083700000| Untracked 
|  56|0x0000000083800000, 0x0000000083800000, 0x0000000083900000|  0%| F|  |TAMS 0x0000000083800000, 0x0000000083800000| Untracked 
|  57|0x0000000083900000, 0x0000000083900000, 0x0000000083a00000|  0%| F|  |TAMS 0x0000000083900000, 0x0000000083900000| Untracked 
|  58|0x0000000083a00000, 0x0000000083a00000, 0x0000000083b00000|  0%| F|  |TAMS 0x0000000083a00000, 0x0000000083a00000| Untracked 
|  59|0x0000000083b00000, 0x0000000083b00000, 0x0000000083c00000|  0%| F|  |TAMS 0x0000000083b00000, 0x0000000083b00000| Untracked 
|  60|0x0000000083c00000, 0x0000000083c00000, 0x0000000083d00000|  0%| F|  |TAMS 0x0000000083c00000, 0x0000000083c00000| Untracked 
|  61|0x0000000083d00000, 0x0000000083d00000, 0x0000000083e00000|  0%| F|  |TAMS 0x0000000083d00000, 0x0000000083d00000| Untracked 
|  62|0x0000000083e00000, 0x0000000083e00000, 0x0000000083f00000|  0%| F|  |TAMS 0x0000000083e00000, 0x0000000083e00000| Untracked 
|  63|0x0000000083f00000, 0x0000000083f00000, 0x0000000084000000|  0%| F|  |TAMS 0x0000000083f00000, 0x0000000083f00000| Untracked 
|  64|0x0000000084000000, 0x0000000084000000, 0x0000000084100000|  0%| F|  |TAMS 0x0000000084000000, 0x0000000084000000| Untracked 
|  65|0x0000000084100000, 0x0000000084100000, 0x0000000084200000|  0%| F|  |TAMS 0x0000000084100000, 0x0000000084100000| Untracked 
|  66|0x0000000084200000, 0x0000000084200000, 0x0000000084300000|  0%| F|  |TAMS 0x0000000084200000, 0x0000000084200000| Untracked 
|  67|0x0000000084300000, 0x0000000084300000, 0x0000000084400000|  0%| F|  |TAMS 0x0000000084300000, 0x0000000084300000| Untracked 
|  68|0x0000000084400000, 0x0000000084400000, 0x0000000084500000|  0%| F|  |TAMS 0x0000000084400000, 0x0000000084400000| Untracked 
|  69|0x0000000084500000, 0x0000000084500000, 0x0000000084600000|  0%| F|  |TAMS 0x0000000084500000, 0x0000000084500000| Untracked 
|  70|0x0000000084600000, 0x0000000084600000, 0x0000000084700000|  0%| F|  |TAMS 0x0000000084600000, 0x0000000084600000| Untracked 
|  71|0x0000000084700000, 0x0000000084700000, 0x0000000084800000|  0%| F|  |TAMS 0x0000000084700000, 0x0000000084700000| Untracked 
|  72|0x0000000084800000, 0x0000000084800000, 0x0000000084900000|  0%| F|  |TAMS 0x0000000084800000, 0x0000000084800000| Untracked 
|  73|0x0000000084900000, 0x0000000084900000, 0x0000000084a00000|  0%| F|  |TAMS 0x0000000084900000, 0x0000000084900000| Untracked 
|  74|0x0000000084a00000, 0x0000000084a00000, 0x0000000084b00000|  0%| F|  |TAMS 0x0000000084a00000, 0x0000000084a00000| Untracked 
|  75|0x0000000084b00000, 0x0000000084b00000, 0x0000000084c00000|  0%| F|  |TAMS 0x0000000084b00000, 0x0000000084b00000| Untracked 
|  76|0x0000000084c00000, 0x0000000084c00000, 0x0000000084d00000|  0%| F|  |TAMS 0x0000000084c00000, 0x0000000084c00000| Untracked 
|  77|0x0000000084d00000, 0x0000000084d48ba0, 0x0000000084e00000| 28%| S|CS|TAMS 0x0000000084d00000, 0x0000000084d00000| Complete 
|  78|0x0000000084e00000, 0x0000000084f00000, 0x0000000084f00000|100%| S|CS|TAMS 0x0000000084e00000, 0x0000000084e00000| Complete 
|  79|0x0000000084f00000, 0x0000000085000000, 0x0000000085000000|100%| S|CS|TAMS 0x0000000084f00000, 0x0000000084f00000| Complete 
|  80|0x0000000085000000, 0x0000000085000000, 0x0000000085100000|  0%| F|  |TAMS 0x0000000085000000, 0x0000000085000000| Untracked 
|  81|0x0000000085100000, 0x0000000085200000, 0x0000000085200000|100%| E|  |TAMS 0x0000000085100000, 0x0000000085100000| Complete 
|  82|0x0000000085200000, 0x0000000085300000, 0x0000000085300000|100%| E|CS|TAMS 0x0000000085200000, 0x0000000085200000| Complete 
|  83|0x0000000085300000, 0x0000000085400000, 0x0000000085400000|100%| E|CS|TAMS 0x0000000085300000, 0x0000000085300000| Complete 
|  84|0x0000000085400000, 0x0000000085500000, 0x0000000085500000|100%| E|CS|TAMS 0x0000000085400000, 0x0000000085400000| Complete 
|  85|0x0000000085500000, 0x0000000085600000, 0x0000000085600000|100%| E|CS|TAMS 0x0000000085500000, 0x0000000085500000| Complete 
|  86|0x0000000085600000, 0x0000000085700000, 0x0000000085700000|100%| E|CS|TAMS 0x0000000085600000, 0x0000000085600000| Complete 
|  87|0x0000000085700000, 0x0000000085800000, 0x0000000085800000|100%| E|CS|TAMS 0x0000000085700000, 0x0000000085700000| Complete 
|  88|0x0000000085800000, 0x0000000085900000, 0x0000000085900000|100%| E|CS|TAMS 0x0000000085800000, 0x0000000085800000| Complete 
|  89|0x0000000085900000, 0x0000000085a00000, 0x0000000085a00000|100%| E|CS|TAMS 0x0000000085900000, 0x0000000085900000| Complete 
|  90|0x0000000085a00000, 0x0000000085b00000, 0x0000000085b00000|100%| E|CS|TAMS 0x0000000085a00000, 0x0000000085a00000| Complete 
|  91|0x0000000085b00000, 0x0000000085c00000, 0x0000000085c00000|100%| E|CS|TAMS 0x0000000085b00000, 0x0000000085b00000| Complete 
|  92|0x0000000085c00000, 0x0000000085d00000, 0x0000000085d00000|100%| E|CS|TAMS 0x0000000085c00000, 0x0000000085c00000| Complete 
|  93|0x0000000085d00000, 0x0000000085e00000, 0x0000000085e00000|100%| E|CS|TAMS 0x0000000085d00000, 0x0000000085d00000| Complete 
|  94|0x0000000085e00000, 0x0000000085f00000, 0x0000000085f00000|100%| E|CS|TAMS 0x0000000085e00000, 0x0000000085e00000| Complete 
|  95|0x0000000085f00000, 0x0000000086000000, 0x0000000086000000|100%| E|CS|TAMS 0x0000000085f00000, 0x0000000085f00000| Complete 
|  96|0x0000000086000000, 0x0000000086100000, 0x0000000086100000|100%| E|CS|TAMS 0x0000000086000000, 0x0000000086000000| Complete 
|  97|0x0000000086100000, 0x0000000086200000, 0x0000000086200000|100%| E|CS|TAMS 0x0000000086100000, 0x0000000086100000| Complete 
|  98|0x0000000086200000, 0x0000000086300000, 0x0000000086300000|100%| E|CS|TAMS 0x0000000086200000, 0x0000000086200000| Complete 
|  99|0x0000000086300000, 0x0000000086400000, 0x0000000086400000|100%| E|CS|TAMS 0x0000000086300000, 0x0000000086300000| Complete 
| 100|0x0000000086400000, 0x0000000086500000, 0x0000000086500000|100%| E|CS|TAMS 0x0000000086400000, 0x0000000086400000| Complete 
| 101|0x0000000086500000, 0x0000000086600000, 0x0000000086600000|100%| E|CS|TAMS 0x0000000086500000, 0x0000000086500000| Complete 
| 102|0x0000000086600000, 0x0000000086700000, 0x0000000086700000|100%| E|CS|TAMS 0x0000000086600000, 0x0000000086600000| Complete 
| 103|0x0000000086700000, 0x0000000086800000, 0x0000000086800000|100%| E|CS|TAMS 0x0000000086700000, 0x0000000086700000| Complete 
| 104|0x0000000086800000, 0x0000000086900000, 0x0000000086900000|100%| E|CS|TAMS 0x0000000086800000, 0x0000000086800000| Complete 
| 105|0x0000000086900000, 0x0000000086a00000, 0x0000000086a00000|100%| E|CS|TAMS 0x0000000086900000, 0x0000000086900000| Complete 
| 106|0x0000000086a00000, 0x0000000086b00000, 0x0000000086b00000|100%| E|CS|TAMS 0x0000000086a00000, 0x0000000086a00000| Complete 
| 107|0x0000000086b00000, 0x0000000086c00000, 0x0000000086c00000|100%| E|CS|TAMS 0x0000000086b00000, 0x0000000086b00000| Complete 
| 108|0x0000000086c00000, 0x0000000086d00000, 0x0000000086d00000|100%| E|CS|TAMS 0x0000000086c00000, 0x0000000086c00000| Complete 
| 109|0x0000000086d00000, 0x0000000086e00000, 0x0000000086e00000|100%| E|CS|TAMS 0x0000000086d00000, 0x0000000086d00000| Complete 
| 110|0x0000000086e00000, 0x0000000086f00000, 0x0000000086f00000|100%| E|CS|TAMS 0x0000000086e00000, 0x0000000086e00000| Complete 
| 111|0x0000000086f00000, 0x0000000087000000, 0x0000000087000000|100%| E|CS|TAMS 0x0000000086f00000, 0x0000000086f00000| Complete 
| 112|0x0000000087000000, 0x0000000087100000, 0x0000000087100000|100%| E|CS|TAMS 0x0000000087000000, 0x0000000087000000| Complete 
| 113|0x0000000087100000, 0x0000000087200000, 0x0000000087200000|100%| E|CS|TAMS 0x0000000087100000, 0x0000000087100000| Complete 
| 114|0x0000000087200000, 0x0000000087300000, 0x0000000087300000|100%| E|CS|TAMS 0x0000000087200000, 0x0000000087200000| Complete 
| 115|0x0000000087300000, 0x0000000087400000, 0x0000000087400000|100%| E|CS|TAMS 0x0000000087300000, 0x0000000087300000| Complete 
| 116|0x0000000087400000, 0x0000000087500000, 0x0000000087500000|100%| E|CS|TAMS 0x0000000087400000, 0x0000000087400000| Complete 
| 117|0x0000000087500000, 0x0000000087600000, 0x0000000087600000|100%| E|CS|TAMS 0x0000000087500000, 0x0000000087500000| Complete 
| 118|0x0000000087600000, 0x0000000087700000, 0x0000000087700000|100%| E|CS|TAMS 0x0000000087600000, 0x0000000087600000| Complete 
| 119|0x0000000087700000, 0x0000000087800000, 0x0000000087800000|100%| E|CS|TAMS 0x0000000087700000, 0x0000000087700000| Complete 
| 120|0x0000000087800000, 0x0000000087900000, 0x0000000087900000|100%| E|CS|TAMS 0x0000000087800000, 0x0000000087800000| Complete 
| 121|0x0000000087900000, 0x0000000087a00000, 0x0000000087a00000|100%| E|CS|TAMS 0x0000000087900000, 0x0000000087900000| Complete 
| 122|0x0000000087a00000, 0x0000000087b00000, 0x0000000087b00000|100%| E|CS|TAMS 0x0000000087a00000, 0x0000000087a00000| Complete 
| 123|0x0000000087b00000, 0x0000000087c00000, 0x0000000087c00000|100%| E|CS|TAMS 0x0000000087b00000, 0x0000000087b00000| Complete 

Card table byte_map: [0x000001a3d57e0000,0x000001a3d5be0000] _byte_map_base: 0x000001a3d53e0000

Marking Bits (Prev, Next): (CMBitMap*) 0x000001a3bbea0d30, (CMBitMap*) 0x000001a3bbea0cf8
 Prev Bits: [0x000001a3d7fe0000, 0x000001a3d9fe0000)
 Next Bits: [0x000001a3d5fe0000, 0x000001a3d7fe0000)

Polling page: 0x000001a3bbf40000

Metaspace:

Usage:
  Non-class:     25.19 MB capacity,    24.86 MB ( 99%) used,   276.21 KB (  1%) free+waste,    64.50 KB ( <1%) overhead. 
      Class:      3.96 MB capacity,     3.69 MB ( 93%) used,   243.90 KB (  6%) free+waste,    32.63 KB ( <1%) overhead. 
       Both:     29.15 MB capacity,    28.55 MB ( 98%) used,   520.11 KB (  2%) free+waste,    97.13 KB ( <1%) overhead. 

Virtual space:
  Non-class space:       26.00 MB reserved,      25.42 MB ( 98%) committed 
      Class space:      504.00 MB reserved,       4.00 MB ( <1%) committed 
             Both:      530.00 MB reserved,      29.42 MB (  6%) committed 

Chunk freelists:
   Non-Class:  46.00 KB
       Class:  7.00 KB
        Both:  53.00 KB

MaxMetaspaceSize: 512.00 MB
CompressedClassSpaceSize: 504.00 MB
Initial GC threshold: 20.80 MB
Current GC threshold: 35.08 MB
CDS: off

CodeHeap 'non-profiled nmethods': size=120064Kb used=1102Kb max_used=1102Kb free=118961Kb
 bounds [0x000001a3cd870000, 0x000001a3cdae0000, 0x000001a3d4db0000]
CodeHeap 'profiled nmethods': size=120000Kb used=5264Kb max_used=5264Kb free=114735Kb
 bounds [0x000001a3c6340000, 0x000001a3c6870000, 0x000001a3cd870000]
CodeHeap 'non-nmethods': size=5696Kb used=1234Kb max_used=1270Kb free=4462Kb
 bounds [0x000001a3c5db0000, 0x000001a3c6020000, 0x000001a3c6340000]
 total_blobs=2975 nmethods=2460 adapters=427
 compilation: enabled
              stopped_count=0, restarted_count=0
 full_count=0

Compilation events (20 events):
Event: 9.218 Thread 0x000001a3dcf83800 2448       3       java.lang.reflect.ProxyGenerator::getParameterDescriptors (47 bytes)
Event: 9.219 Thread 0x000001a3dcf83800 nmethod 2448 0x000001a3c684d010 code [0x000001a3c684d2a0, 0x000001a3c684dc68]
Event: 9.230 Thread 0x000001a3dcf83800 2449       3       com.google.common.base.Preconditions::checkArgument (13 bytes)
Event: 9.230 Thread 0x000001a3dcf83800 nmethod 2449 0x000001a3c684e010 code [0x000001a3c684e1e0, 0x000001a3c684e3a8]
Event: 9.236 Thread 0x000001a3dcf83800 2451       3       org.gradle.internal.reflect.MethodSet$MethodKey::equals (89 bytes)
Event: 9.237 Thread 0x000001a3dcf83800 nmethod 2451 0x000001a3c684e490 code [0x000001a3c684e6c0, 0x000001a3c684ef58]
Event: 9.237 Thread 0x000001a3dcf83800 2452       3       com.google.common.collect.Iterators::forArray (51 bytes)
Event: 9.238 Thread 0x000001a3dcf83800 nmethod 2452 0x000001a3c684f190 code [0x000001a3c684f420, 0x000001a3c684ff78]
Event: 9.238 Thread 0x000001a3dcf83800 2458       3       org.objectweb.asm.SymbolTable::addConstantMemberReference (147 bytes)
Event: 9.239 Thread 0x000001a3dcf83800 nmethod 2458 0x000001a3c6850490 code [0x000001a3c6850720, 0x000001a3c6851048]
Event: 9.239 Thread 0x000001a3dcf83800 2459       3       org.objectweb.asm.MethodWriter::visitLabel (328 bytes)
Event: 9.240 Thread 0x000001a3dcf83800 nmethod 2459 0x000001a3c6851610 code [0x000001a3c68518a0, 0x000001a3c6852a08]
Event: 9.240 Thread 0x000001a3dcf83800 2453       3       com.google.common.base.Preconditions::checkPositionIndexes (29 bytes)
Event: 9.240 Thread 0x000001a3dcf83800 nmethod 2453 0x000001a3c6852d90 code [0x000001a3c6852f60, 0x000001a3c68531f8]
Event: 9.240 Thread 0x000001a3dcf83800 2454       3       com.google.common.collect.RegularImmutableSet::iterator (8 bytes)
Event: 9.241 Thread 0x000001a3dcf83800 nmethod 2454 0x000001a3c6853310 code [0x000001a3c68534e0, 0x000001a3c6853688]
Event: 9.241 Thread 0x000001a3dcf83800 2455       3       com.google.common.collect.Iterators::forArray (9 bytes)
Event: 9.241 Thread 0x000001a3dcf83800 nmethod 2455 0x000001a3c6853790 code [0x000001a3c6853940, 0x000001a3c6853a68]
Event: 9.241 Thread 0x000001a3dcf83800 2456       3       com.google.common.collect.RegularImmutableSet::iterator (5 bytes)
Event: 9.241 Thread 0x000001a3dcf83800 nmethod 2456 0x000001a3c6853b10 code [0x000001a3c6853ce0, 0x000001a3c6853ee8]

GC Heap History (12 events):
Event: 1.591 GC heap before
{Heap before GC invocations=0 (full 0):
 garbage-first heap   total 126976K, used 13312K [0x0000000080000000, 0x0000000100000000)
  region size 1024K, 14 young (14336K), 0 survivors (0K)
 Metaspace       used 6809K, capacity 6985K, committed 7168K, reserved 524288K
  class space    used 574K, capacity 650K, committed 768K, reserved 516096K
}
Event: 1.598 GC heap after
{Heap after GC invocations=1 (full 0):
 garbage-first heap   total 126976K, used 4192K [0x0000000080000000, 0x0000000100000000)
  region size 1024K, 2 young (2048K), 2 survivors (2048K)
 Metaspace       used 6809K, capacity 6985K, committed 7168K, reserved 524288K
  class space    used 574K, capacity 650K, committed 768K, reserved 516096K
}
Event: 2.263 GC heap before
{Heap before GC invocations=1 (full 0):
 garbage-first heap   total 126976K, used 19552K [0x0000000080000000, 0x0000000100000000)
  region size 1024K, 13 young (13312K), 2 survivors (2048K)
 Metaspace       used 9942K, capacity 10178K, committed 10368K, reserved 526336K
  class space    used 1014K, capacity 1102K, committed 1152K, reserved 516096K
}
Event: 2.269 GC heap after
{Heap after GC invocations=2 (full 0):
 garbage-first heap   total 126976K, used 10628K [0x0000000080000000, 0x0000000100000000)
  region size 1024K, 2 young (2048K), 2 survivors (2048K)
 Metaspace       used 9942K, capacity 10178K, committed 10368K, reserved 526336K
  class space    used 1014K, capacity 1102K, committed 1152K, reserved 516096K
}
Event: 3.235 GC heap before
{Heap before GC invocations=2 (full 0):
 garbage-first heap   total 126976K, used 39300K [0x0000000080000000, 0x0000000100000000)
  region size 1024K, 29 young (29696K), 2 survivors (2048K)
 Metaspace       used 10944K, capacity 11196K, committed 11520K, reserved 526336K
  class space    used 1115K, capacity 1206K, committed 1280K, reserved 516096K
}
Event: 3.241 GC heap after
{Heap after GC invocations=3 (full 0):
 garbage-first heap   total 126976K, used 12676K [0x0000000080000000, 0x0000000100000000)
  region size 1024K, 4 young (4096K), 4 survivors (4096K)
 Metaspace       used 10944K, capacity 11196K, committed 11520K, reserved 526336K
  class space    used 1115K, capacity 1206K, committed 1280K, reserved 516096K
}
Event: 5.641 GC heap before
{Heap before GC invocations=3 (full 0):
 garbage-first heap   total 126976K, used 53636K [0x0000000080000000, 0x0000000100000000)
  region size 1024K, 44 young (45056K), 4 survivors (4096K)
 Metaspace       used 18467K, capacity 18835K, committed 18944K, reserved 534528K
  class space    used 2108K, capacity 2241K, committed 2304K, reserved 516096K
}
Event: 5.652 GC heap after
{Heap after GC invocations=4 (full 0):
 garbage-first heap   total 126976K, used 17835K [0x0000000080000000, 0x0000000100000000)
  region size 1024K, 6 young (6144K), 6 survivors (6144K)
 Metaspace       used 18467K, capacity 18835K, committed 18944K, reserved 534528K
  class space    used 2108K, capacity 2241K, committed 2304K, reserved 516096K
}
Event: 6.103 GC heap before
{Heap before GC invocations=4 (full 0):
 garbage-first heap   total 126976K, used 35243K [0x0000000080000000, 0x0000000100000000)
  region size 1024K, 24 young (24576K), 6 survivors (6144K)
 Metaspace       used 20748K, capacity 21124K, committed 21296K, reserved 536576K
  class space    used 2452K, capacity 2607K, committed 2688K, reserved 516096K
}
Event: 6.112 GC heap after
{Heap after GC invocations=5 (full 0):
 garbage-first heap   total 126976K, used 18771K [0x0000000080000000, 0x0000000100000000)
  region size 1024K, 1 young (1024K), 1 survivors (1024K)
 Metaspace       used 20748K, capacity 21124K, committed 21296K, reserved 536576K
  class space    used 2452K, capacity 2607K, committed 2688K, reserved 516096K
}
Event: 8.050 GC heap before
{Heap before GC invocations=6 (full 0):
 garbage-first heap   total 126976K, used 62803K [0x0000000080000000, 0x0000000100000000)
  region size 1024K, 44 young (45056K), 1 survivors (1024K)
 Metaspace       used 24903K, capacity 25508K, committed 25648K, reserved 538624K
  class space    used 3112K, capacity 3348K, committed 3456K, reserved 516096K
}
Event: 8.057 GC heap after
{Heap after GC invocations=7 (full 0):
 garbage-first heap   total 126976K, used 20085K [0x0000000080000000, 0x0000000100000000)
  region size 1024K, 3 young (3072K), 3 survivors (3072K)
 Metaspace       used 24903K, capacity 25508K, committed 25648K, reserved 538624K
  class space    used 3112K, capacity 3348K, committed 3456K, reserved 516096K
}

Deoptimization events (20 events):
Event: 6.570 Thread 0x000001a3de9af000 Uncommon trap: trap_request=0xffffff4d fr.pc=0x000001a3cd8dd15c relative=0x000000000000051c
Event: 6.570 Thread 0x000001a3de9af000 Uncommon trap: reason=unstable_if action=reinterpret pc=0x000001a3cd8dd15c method=java.io.File.getName()Ljava/lang/String; @ 16 c2
Event: 6.570 Thread 0x000001a3de9af000 DEOPT PACKING pc=0x000001a3cd8dd15c sp=0x0000001ae74fcba0
Event: 6.570 Thread 0x000001a3de9af000 DEOPT UNPACKING pc=0x000001a3c5dfa1af sp=0x0000001ae74fcb70 mode 2
Event: 6.570 Thread 0x000001a3de9af000 Uncommon trap: trap_request=0xffffff4d fr.pc=0x000001a3cd8d8934 relative=0x0000000000000474
Event: 6.571 Thread 0x000001a3de9af000 Uncommon trap: reason=unstable_if action=reinterpret pc=0x000001a3cd8d8934 method=java.lang.String.substring(I)Ljava/lang/String; @ 34 c2
Event: 6.571 Thread 0x000001a3de9af000 DEOPT PACKING pc=0x000001a3cd8d8934 sp=0x0000001ae74fcb20
Event: 6.571 Thread 0x000001a3de9af000 DEOPT UNPACKING pc=0x000001a3c5dfa1af sp=0x0000001ae74fcaf8 mode 2
Event: 6.654 Thread 0x000001a3de9af000 Uncommon trap: trap_request=0xffffffcc fr.pc=0x000001a3cd948d74 relative=0x00000000000002b4
Event: 6.654 Thread 0x000001a3de9af000 Uncommon trap: reason=intrinsic_or_type_checked_inlining action=make_not_entrant pc=0x000001a3cd948d74 method=java.util.Arrays.copyOf([Ljava/lang/Object;ILjava/lang/Class;)[Ljava/lang/Object; @ 35 c2
Event: 6.654 Thread 0x000001a3de9af000 DEOPT PACKING pc=0x000001a3cd948d74 sp=0x0000001ae74fd4c0
Event: 6.654 Thread 0x000001a3de9af000 DEOPT UNPACKING pc=0x000001a3c5dfa1af sp=0x0000001ae74fd450 mode 2
Event: 8.161 Thread 0x000001a3de9af000 Uncommon trap: trap_request=0xffffff4d fr.pc=0x000001a3cd8c8414 relative=0x00000000000000d4
Event: 8.161 Thread 0x000001a3de9af000 Uncommon trap: reason=unstable_if action=reinterpret pc=0x000001a3cd8c8414 method=java.util.HashMap.hash(Ljava/lang/Object;)I @ 1 c2
Event: 8.161 Thread 0x000001a3de9af000 DEOPT PACKING pc=0x000001a3cd8c8414 sp=0x0000001ae74f9b40
Event: 8.161 Thread 0x000001a3de9af000 DEOPT UNPACKING pc=0x000001a3c5dfa1af sp=0x0000001ae74f9a80 mode 2
Event: 8.524 Thread 0x000001a3de9af000 Uncommon trap: trap_request=0xffffff7e fr.pc=0x000001a3cd970e1c relative=0x000000000000015c
Event: 8.524 Thread 0x000001a3de9af000 Uncommon trap: reason=predicate action=maybe_recompile pc=0x000001a3cd970e1c method=com.google.common.base.CharMatcher.indexIn(Ljava/lang/CharSequence;I)I @ 19 c2
Event: 8.524 Thread 0x000001a3de9af000 DEOPT PACKING pc=0x000001a3cd970e1c sp=0x0000001ae74fb4d0
Event: 8.524 Thread 0x000001a3de9af000 DEOPT UNPACKING pc=0x000001a3c5dfa1af sp=0x0000001ae74fb460 mode 2

Classes redefined (0 events):
No events

Internal exceptions (20 events):
Event: 5.971 Thread 0x000001a3de9af000 Exception <a 'java/lang/NoSuchMethodError'{0x000000008713f8c8}: 'java.lang.Object java.lang.invoke.Invokers$Holder.invoker(java.lang.Object, java.lang.Object, java.lang.Object, java.lang.Object, java.lang.Object, java.lang.Object, java.lang.Object, java.lang.Object, java.lang.Object, java.lang.Object, java.lang.Object)'> (0x000000008713f8c8) thrown at [s\src\hotspot\share\interpreter\linkResolver.cpp, line 773]
Event: 5.972 Thread 0x000001a3de9af000 Exception <a 'java/lang/NoSuchMethodError'{0x0000000087144940}: 'java.lang.Object java.lang.invoke.DirectMethodHandle$Holder.invokeSpecial(java.lang.Object, java.lang.Object, java.lang.Object, java.lang.Object, java.lang.Object, java.lang.Object, java.lang.Object, java.lang.Object, java.lang.Object, java.lang.Object, java.lang.Object, java.lang.Object)'> (0x0000000087144940) thrown at [s\src\hotspot\share\interpreter\linkResolver.cpp, line 773]
Event: 6.011 Thread 0x000001a3de9af000 Exception <a 'java/lang/NoSuchMethodError'{0x000000008709f918}: 'java.lang.Object java.lang.invoke.DirectMethodHandle$Holder.invokeSpecial(java.lang.Object, java.lang.Object, java.lang.Object, java.lang.Object, java.lang.Object, java.lang.Object, java.lang.Object, java.lang.Object, java.lang.Object)'> (0x000000008709f918) thrown at [s\src\hotspot\share\interpreter\linkResolver.cpp, line 773]
Event: 6.141 Thread 0x000001a3de9af000 Exception <a 'java/lang/NoSuchMethodError'{0x0000000087be9390}: 'void java.lang.invoke.DirectMethodHandle$Holder.invokeStaticInit(java.lang.Object)'> (0x0000000087be9390) thrown at [s\src\hotspot\share\interpreter\linkResolver.cpp, line 773]
Event: 6.163 Thread 0x000001a3de9af000 Exception <a 'java/lang/NoSuchMethodError'{0x0000000087a8b0e0}: 'java.lang.Object java.lang.invoke.DirectMethodHandle$Holder.invokeStatic(java.lang.Object, java.lang.Object, java.lang.Object, int)'> (0x0000000087a8b0e0) thrown at [s\src\hotspot\share\interpreter\linkResolver.cpp, line 773]
Event: 6.163 Thread 0x000001a3de9af000 Exception <a 'java/lang/NoSuchMethodError'{0x0000000087abb590}: 'java.lang.Object java.lang.invoke.DirectMethodHandle$Holder.invokeSpecial(java.lang.Object, java.lang.Object, java.lang.Object, java.lang.Object, int)'> (0x0000000087abb590) thrown at [s\src\hotspot\share\interpreter\linkResolver.cpp, line 773]
Event: 6.164 Thread 0x000001a3de9af000 Exception <a 'java/lang/NoSuchMethodError'{0x0000000087abef78}: 'java.lang.Object java.lang.invoke.Invokers$Holder.linkToTargetMethod(java.lang.Object, java.lang.Object, int, java.lang.Object)'> (0x0000000087abef78) thrown at [s\src\hotspot\share\interpreter\linkResolver.cpp, line 773]
Event: 6.963 Thread 0x000001a3de9af000 Exception <a 'java/lang/NoSuchMethodError'{0x0000000086ad2710}: 'int java.lang.invoke.DirectMethodHandle$Holder.invokeSpecialIFC(java.lang.Object, java.lang.Object, java.lang.Object, java.lang.Object)'> (0x0000000086ad2710) thrown at [s\src\hotspot\share\interpreter\linkResolver.cpp, line 773]
Event: 6.969 Thread 0x000001a3de9af000 Exception <a 'java/lang/NoSuchMethodError'{0x0000000086ae06c8}: 'java.lang.Object java.lang.invoke.DirectMethodHandle$Holder.invokeInterface(java.lang.Object, java.lang.Object, java.lang.Object)'> (0x0000000086ae06c8) thrown at [s\src\hotspot\share\interpreter\linkResolver.cpp, line 773]
Event: 6.969 Thread 0x000001a3de9af000 Exception <a 'java/lang/IncompatibleClassChangeError'{0x0000000086ae3ba0}: Found class java.lang.Object, but interface was expected> (0x0000000086ae3ba0) thrown at [s\src\hotspot\share\interpreter\linkResolver.cpp, line 839]
Event: 7.844 Thread 0x000001a3de9af000 Exception <a 'java/lang/NoSuchMethodError'{0x0000000085787808}: 'java.lang.Object java.lang.invoke.DirectMethodHandle$Holder.invokeVirtual(java.lang.Object, java.lang.Object, java.lang.Object, java.lang.Object)'> (0x0000000085787808) thrown at [s\src\hotspot\share\interpreter\linkResolver.cpp, line 773]
Event: 7.967 Thread 0x000001a3de9af000 Exception <a 'java/lang/NoSuchMethodError'{0x000000008544c498}: 'java.lang.Object java.lang.invoke.Invokers$Holder.linkToTargetMethod(java.lang.Object, java.lang.Object, java.lang.Object, java.lang.Object, java.lang.Object, java.lang.Object, java.lang.Object)'> (0x000000008544c498) thrown at [s\src\hotspot\share\interpreter\linkResolver.cpp, line 773]
Event: 8.009 Thread 0x000001a3de9af000 Exception <a 'java/lang/NoSuchMethodError'{0x00000000853e8d98}: 'java.lang.Object java.lang.invoke.DirectMethodHandle$Holder.invokeVirtual(java.lang.Object, java.lang.Object, java.lang.Object, java.lang.Object, java.lang.Object, java.lang.Object, java.lang.Object, java.lang.Object, java.lang.Object, java.lang.Object, java.lang.Object, java.lang.Object, java.lang.Object, java.lang.Object, java.lang.Object, java.lang.Object, java.lang.Object, java.lang.Object, java.lang.Object, java.lang.Object, java.lang.Ob
Event: 8.145 Thread 0x000001a3de9af000 Exception <a 'java/lang/NoSuchMethodError'{0x0000000087887bd0}: 'void java.lang.invoke.DirectMethodHandle$Holder.invokeStatic(java.lang.Object, java.lang.Object, java.lang.Object, java.lang.Object, java.lang.Object)'> (0x0000000087887bd0) thrown at [s\src\hotspot\share\interpreter\linkResolver.cpp, line 773]
Event: 8.161 Thread 0x000001a3de9af000 Implicit null exception at 0x000001a3cd8c8378 to 0x000001a3cd8c840a
Event: 8.354 Thread 0x000001a3de9af000 Exception <a 'java/lang/NoSuchMethodError'{0x00000000871b1188}: 'void java.lang.invoke.DirectMethodHandle$Holder.invokeStaticInit(java.lang.Object, java.lang.Object)'> (0x00000000871b1188) thrown at [s\src\hotspot\share\interpreter\linkResolver.cpp, line 773]
Event: 8.576 Thread 0x000001a3de9af000 Exception <a 'java/lang/NoSuchMethodError'{0x0000000086a44350}: 'void java.lang.invoke.DirectMethodHandle$Holder.invokeStatic(java.lang.Object, java.lang.Object, java.lang.Object, java.lang.Object)'> (0x0000000086a44350) thrown at [s\src\hotspot\share\interpreter\linkResolver.cpp, line 773]
Event: 8.579 Thread 0x000001a3de9af000 Exception <a 'java/lang/NoSuchMethodError'{0x0000000086a62bc0}: 'int java.lang.invoke.DirectMethodHandle$Holder.invokeVirtual(java.lang.Object, java.lang.Object)'> (0x0000000086a62bc0) thrown at [s\src\hotspot\share\interpreter\linkResolver.cpp, line 773]
Event: 8.588 Thread 0x000001a3de9af000 Exception <a 'java/lang/NoSuchMethodError'{0x0000000086ac82c8}: 'int java.lang.invoke.DirectMethodHandle$Holder.invokeVirtual(java.lang.Object, java.lang.Object, java.lang.Object)'> (0x0000000086ac82c8) thrown at [s\src\hotspot\share\interpreter\linkResolver.cpp, line 773]
Event: 9.135 Thread 0x000001a3de9af000 Exception <a 'java/lang/NoSuchMethodError'{0x0000000085829400}: 'java.lang.Object java.lang.invoke.DirectMethodHandle$Holder.invokeSpecialIFC(java.lang.Object, java.lang.Object, java.lang.Object, java.lang.Object)'> (0x0000000085829400) thrown at [s\src\hotspot\share\interpreter\linkResolver.cpp, line 773]

Events (20 events):
Event: 9.230 loading class org/gradle/api/file/FileContents
Event: 9.230 loading class org/gradle/api/file/FileContents done
Event: 9.231 loading class org/gradle/api/provider/ValueSourceSpec
Event: 9.231 loading class org/gradle/api/provider/ValueSourceSpec done
Event: 9.234 loading class org/gradle/api/internal/provider/CredentialsProviderFactory
Event: 9.234 loading class org/gradle/api/internal/provider/CredentialsProviderFactory done
Event: 9.239 loading class org/gradle/api/internal/DefaultCollectionCallbackActionDecorator
Event: 9.239 loading class org/gradle/api/internal/DefaultCollectionCallbackActionDecorator done
Event: 9.240 loading class org/gradle/internal/management/DefaultDependencyResolutionManagement
Event: 9.240 loading class org/gradle/internal/management/DefaultDependencyResolutionManagement done
Event: 9.242 loading class org/gradle/api/initialization/resolve/MutableVersionCatalogContainer
Event: 9.242 loading class org/gradle/api/initialization/resolve/MutableVersionCatalogContainer done
Event: 9.243 loading class org/gradle/api/artifacts/repositories/ArtifactRepository
Event: 9.243 loading class org/gradle/api/artifacts/repositories/ArtifactRepository done
Event: 9.243 loading class org/gradle/internal/management/DependencyResolutionManagementInternal$RepositoriesModeInternal
Event: 9.243 loading class org/gradle/internal/management/DependencyResolutionManagementInternal$RepositoriesModeInternal done
Event: 9.244 loading class org/gradle/internal/management/DependencyResolutionManagementInternal$RulesModeInternal
Event: 9.244 loading class org/gradle/internal/management/DependencyResolutionManagementInternal$RulesModeInternal done
Event: 9.245 loading class org/gradle/internal/management/DefaultVersionCatalogBuilderContainer
Event: 9.245 loading class org/gradle/internal/management/DefaultVersionCatalogBuilderContainer done


Dynamic libraries:
0x00007ff6cbd40000 - 0x00007ff6cbd4d000 	C:\Program Files\Microsoft\jdk-11.0.20.8-hotspot\bin\java.exe
0x00007ffab6e70000 - 0x00007ffab7068000 	C:\Windows\SYSTEM32\ntdll.dll
0x00007ffab56c0000 - 0x00007ffab577d000 	C:\Windows\System32\KERNEL32.DLL
0x00007ffab4900000 - 0x00007ffab4bf6000 	C:\Windows\System32\KERNELBASE.dll
0x00007ffab4550000 - 0x00007ffab4650000 	C:\Windows\System32\ucrtbase.dll
0x00007ffa8eca0000 - 0x00007ffa8ecb7000 	C:\Program Files\Microsoft\jdk-11.0.20.8-hotspot\bin\jli.dll
0x00007ffa94b10000 - 0x00007ffa94b25000 	C:\Program Files\Microsoft\jdk-11.0.20.8-hotspot\bin\VCRUNTIME140.dll
0x00007ffab5900000 - 0x00007ffab5a9e000 	C:\Windows\System32\USER32.dll
0x00007ffab48d0000 - 0x00007ffab48f2000 	C:\Windows\System32\win32u.dll
0x00007ffa93a80000 - 0x00007ffa93d1a000 	C:\Windows\WinSxS\amd64_microsoft.windows.common-controls_6595b64144ccf1df_6.0.19041.3636_none_60b6a03d71f818d5\COMCTL32.dll
0x00007ffab55f0000 - 0x00007ffab561c000 	C:\Windows\System32\GDI32.dll
0x00007ffab54a0000 - 0x00007ffab553e000 	C:\Windows\System32\msvcrt.dll
0x00007ffab47b0000 - 0x00007ffab48ca000 	C:\Windows\System32\gdi32full.dll
0x00007ffab4c70000 - 0x00007ffab4d0d000 	C:\Windows\System32\msvcp_win.dll
0x00007ffab4f60000 - 0x00007ffab4f90000 	C:\Windows\System32\IMM32.DLL
0x00007ffa7f070000 - 0x00007ffa7f10b000 	C:\Program Files\Microsoft\jdk-11.0.20.8-hotspot\bin\msvcp140.dll
0x00007ffa4af70000 - 0x00007ffa4bb06000 	C:\Program Files\Microsoft\jdk-11.0.20.8-hotspot\bin\server\jvm.dll
0x00007ffab50c0000 - 0x00007ffab516f000 	C:\Windows\System32\ADVAPI32.dll
0x00007ffab5620000 - 0x00007ffab56bc000 	C:\Windows\System32\sechost.dll
0x00007ffab67e0000 - 0x00007ffab6906000 	C:\Windows\System32\RPCRT4.dll
0x00007ffab6d00000 - 0x00007ffab6d08000 	C:\Windows\System32\PSAPI.DLL
0x00007ffa9fd70000 - 0x00007ffa9fd97000 	C:\Windows\SYSTEM32\WINMM.dll
0x00007ffab1cd0000 - 0x00007ffab1cda000 	C:\Windows\SYSTEM32\VERSION.dll
0x00007ffa82df0000 - 0x00007ffa82df9000 	C:\Windows\SYSTEM32\WSOCK32.dll
0x00007ffab57b0000 - 0x00007ffab581b000 	C:\Windows\System32\WS2_32.dll
0x00007ffab2da0000 - 0x00007ffab2db2000 	C:\Windows\SYSTEM32\kernel.appcore.dll
0x00007ffaadd90000 - 0x00007ffaadda0000 	C:\Program Files\Microsoft\jdk-11.0.20.8-hotspot\bin\verify.dll
0x00007ffab1ae0000 - 0x00007ffab1cc4000 	C:\Windows\SYSTEM32\DBGHELP.DLL
0x00007ffa9fba0000 - 0x00007ffa9fbd4000 	C:\Windows\SYSTEM32\dbgcore.DLL
0x00007ffab4d40000 - 0x00007ffab4dc2000 	C:\Windows\System32\bcryptPrimitives.dll
0x00007ffa8be90000 - 0x00007ffa8beb8000 	C:\Program Files\Microsoft\jdk-11.0.20.8-hotspot\bin\java.dll
0x00007ffa98cf0000 - 0x00007ffa98cfa000 	C:\Program Files\Microsoft\jdk-11.0.20.8-hotspot\bin\jimage.dll
0x00007ffa88450000 - 0x00007ffa88468000 	C:\Program Files\Microsoft\jdk-11.0.20.8-hotspot\bin\zip.dll
0x00007ffab5fd0000 - 0x00007ffab6714000 	C:\Windows\System32\SHELL32.dll
0x00007ffab2500000 - 0x00007ffab2c9b000 	C:\Windows\SYSTEM32\windows.storage.dll
0x00007ffab6910000 - 0x00007ffab6c64000 	C:\Windows\System32\combase.dll
0x00007ffab3ec0000 - 0x00007ffab3eed000 	C:\Windows\SYSTEM32\Wldp.dll
0x00007ffab5240000 - 0x00007ffab52ed000 	C:\Windows\System32\SHCORE.dll
0x00007ffab5b00000 - 0x00007ffab5b55000 	C:\Windows\System32\shlwapi.dll
0x00007ffab4480000 - 0x00007ffab44a5000 	C:\Windows\SYSTEM32\profapi.dll
0x00007ffa88430000 - 0x00007ffa88449000 	C:\Program Files\Microsoft\jdk-11.0.20.8-hotspot\bin\net.dll
0x00007ffaa38e0000 - 0x00007ffaa39ea000 	C:\Windows\SYSTEM32\WINHTTP.dll
0x00007ffab3c20000 - 0x00007ffab3c8a000 	C:\Windows\system32\mswsock.dll
0x00007ffa82b60000 - 0x00007ffa82b73000 	C:\Program Files\Microsoft\jdk-11.0.20.8-hotspot\bin\nio.dll
0x00007ffa8bed0000 - 0x00007ffa8bef7000 	C:\Users\dell\.gradle\native\68d5fa5c4cc2d200863cafc0d521ce42e7d3e7ee720ec0a83991735586a16f82\windows-amd64\native-platform.dll
0x00007ffa7f6a0000 - 0x00007ffa7f7e4000 	C:\Users\dell\.gradle\native\e376f236ea51e6404a007f0833ffe2c6e607c4080706a723a18a27aeea778392\windows-amd64\native-platform-file-events.dll
0x00007ffa95950000 - 0x00007ffa95959000 	C:\Program Files\Microsoft\jdk-11.0.20.8-hotspot\bin\management.dll
0x00007ffa95900000 - 0x00007ffa9590b000 	C:\Program Files\Microsoft\jdk-11.0.20.8-hotspot\bin\management_ext.dll
0x00007ffab3e20000 - 0x00007ffab3e38000 	C:\Windows\SYSTEM32\CRYPTSP.dll
0x00007ffab3550000 - 0x00007ffab3584000 	C:\Windows\system32\rsaenh.dll
0x00007ffab4d10000 - 0x00007ffab4d37000 	C:\Windows\System32\bcrypt.dll
0x00007ffab4400000 - 0x00007ffab442e000 	C:\Windows\SYSTEM32\USERENV.dll
0x00007ffab3e10000 - 0x00007ffab3e1c000 	C:\Windows\SYSTEM32\CRYPTBASE.dll
0x00007ffab3910000 - 0x00007ffab394b000 	C:\Windows\SYSTEM32\IPHLPAPI.DLL
0x00007ffab5780000 - 0x00007ffab5788000 	C:\Windows\System32\NSI.dll
0x00007ffaa3f50000 - 0x00007ffaa3f67000 	C:\Windows\SYSTEM32\dhcpcsvc6.DLL
0x00007ffaa41f0000 - 0x00007ffaa420d000 	C:\Windows\SYSTEM32\dhcpcsvc.DLL
0x00007ffab3950000 - 0x00007ffab3a1a000 	C:\Windows\SYSTEM32\DNSAPI.dll

dbghelp: loaded successfully - version: 4.0.5 - missing functions: none
symbol engine: initialized successfully - sym options: 0x614 - pdb path: .;C:\Program Files\Microsoft\jdk-11.0.20.8-hotspot\bin;C:\Windows\SYSTEM32;C:\Windows\WinSxS\amd64_microsoft.windows.common-controls_6595b64144ccf1df_6.0.19041.3636_none_60b6a03d71f818d5;C:\Program Files\Microsoft\jdk-11.0.20.8-hotspot\bin\server;C:\Users\dell\.gradle\native\68d5fa5c4cc2d200863cafc0d521ce42e7d3e7ee720ec0a83991735586a16f82\windows-amd64;C:\Users\dell\.gradle\native\e376f236ea51e6404a007f0833ffe2c6e607c4080706a723a18a27aeea778392\windows-amd64

VM Arguments:
jvm_args: -XX:MaxMetaspaceSize=512m --add-opens=java.base/java.util=ALL-UNNAMED --add-opens=java.base/java.lang=ALL-UNNAMED --add-opens=java.base/java.lang.invoke=ALL-UNNAMED --add-opens=java.prefs/java.util.prefs=ALL-UNNAMED --add-opens=java.base/java.nio.charset=ALL-UNNAMED --add-opens=java.base/java.net=ALL-UNNAMED --add-opens=java.base/java.util.concurrent.atomic=ALL-UNNAMED -Xmx2048m -Dfile.encoding=windows-1252 -Duser.country=US -Duser.language=en -Duser.variant 
java_command: org.gradle.launcher.daemon.bootstrap.GradleDaemon 8.0.1
java_class_path (initial): C:\Users\dell\.gradle\wrapper\dists\gradle-8.0.1-all\aro4hu1c3oeioove7l0i4i14o\gradle-8.0.1\lib\gradle-launcher-8.0.1.jar
Launcher Type: SUN_STANDARD

[Global flags]
     intx CICompilerCount                          = 3                                         {product} {ergonomic}
   size_t CompressedClassSpaceSize                 = 528482304                                 {product} {ergonomic}
     uint ConcGCThreads                            = 1                                         {product} {ergonomic}
     uint G1ConcRefinementThreads                  = 4                                         {product} {ergonomic}
   size_t G1HeapRegionSize                         = 1048576                                   {product} {ergonomic}
    uintx GCDrainStackTargetSize                   = 64                                        {product} {ergonomic}
   size_t InitialHeapSize                          = 130023424                                 {product} {ergonomic}
   size_t MarkStackSize                            = 4194304                                   {product} {ergonomic}
   size_t MaxHeapSize                              = 2147483648                                {product} {command line}
   size_t MaxMetaspaceSize                         = 536870912                                 {product} {command line}
   size_t MaxNewSize                               = 1287651328                                {product} {ergonomic}
   size_t MinHeapDeltaBytes                        = 1048576                                   {product} {ergonomic}
    uintx NonNMethodCodeHeapSize                   = 5830732                                {pd product} {ergonomic}
    uintx NonProfiledCodeHeapSize                  = 122913754                              {pd product} {ergonomic}
    uintx ProfiledCodeHeapSize                     = 122913754                              {pd product} {ergonomic}
    uintx ReservedCodeCacheSize                    = 251658240                              {pd product} {ergonomic}
     bool SegmentedCodeCache                       = true                                      {product} {ergonomic}
     bool UseCompressedClassPointers               = true                                 {lp64_product} {ergonomic}
     bool UseCompressedOops                        = true                                 {lp64_product} {ergonomic}
     bool UseG1GC                                  = true                                      {product} {ergonomic}
     bool UseLargePagesIndividualAllocation        = false                                  {pd product} {ergonomic}

Logging:
Log output configuration:
 #0: stdout all=warning uptime,level,tags
 #1: stderr all=off uptime,level,tags

Environment Variables:
JAVA_HOME=C:\Program Files\Microsoft\jdk-11.0.20.8-hotspot\
CLASSPATH=D:\Moadventure-app\moAdventure_mobile\android\\gradle\wrapper\gradle-wrapper.jar
PATH=D:\Moadventure-app\moadventure_mobile\node_modules\.bin;D:\Moadventure-app\moadventure_mobile\node_modules\.bin;D:\Moadventure-app\node_modules\.bin;D:\node_modules\.bin;C:\Program Files\nodejs\node_modules\npm\node_modules\@npmcli\run-script\lib\node-gyp-bin;C:\Program Files\Microsoft\jdk-11.0.20.8-hotspot\bin;C:\Python312\Scripts\;C:\Python312\;C:\Python311\Scripts\;C:\Python311\;C:\Program Files\Common Files\Oracle\Java\javapath;C:\Program Files (x86)\Common Files\Oracle\Java\javapath;C:\Windows\system32;C:\Windows;C:\Windows\System32\Wbem;C:\Windows\System32\WindowsPowerShell\v1.0\;C:\Windows\System32\OpenSSH\;C:\Program Files\dotnet\;C:\Program Files\Git\cmd;C:\Program Files\MongoDB\Server\6.0\bin;C:\mongosh-1.8.0-win32-x64\bin;C:\ProgramData\chocolatey\bin;C:\Program Files\Microsoft\jdk-11.0.20.8-hotspot\\bin;C:\Program Files\nodejs\;C:\Users\dell\AppData\Local\Microsoft\WindowsApps;C:\Users\dell\AppData\Local\GitHubDesktop\bin;C:\Users\dell\AppData\Local\Programs\Microsoft VS Code\bin;C:\Users\dell\AppData\Roaming\npm;D:\Android\Sdk\platform-tools
USERNAME=dell
LANG=en_US.UTF-8
OS=Windows_NT
PROCESSOR_IDENTIFIER=Intel64 Family 6 Model 78 Stepping 3, GenuineIntel
TMP=C:\Users\dell\AppData\Local\Temp
TEMP=C:\Users\dell\AppData\Local\Temp



---------------  S Y S T E M  ---------------

OS: Windows 10 , 64 bit Build 19041 (10.0.19041.3636)
OS uptime: 6 days 21:20 hours

CPU:total 4 (initial active 4) (2 cores per cpu, 2 threads per core) family 6 model 78 stepping 3 microcode 0xd6, cmov, cx8, fxsr, mmx, sse, sse2, sse3, ssse3, sse4.1, sse4.2, popcnt, avx, avx2, aes, clmul, erms, rtm, 3dnowpref, lzcnt, ht, tsc, tscinvbit, bmi1, bmi2, adx, fma

Memory: 4k page, system-wide physical 7853M (302M free)
TotalPageFile size 20284M (AvailPageFile size 3M)
current process WorkingSet (physical memory assigned to process): 178M, peak: 180M
current process commit charge ("private bytes"): 271M, peak: 272M

vm_info: OpenJDK 64-Bit Server VM (11.0.20+8-LTS) for windows-amd64 JRE (11.0.20+8-LTS), built on Jul  7 2023 17:05:21 by "MicrosoftCorporation" with MS VC++ 15.9 (VS2017)

END.
