#
# There is insufficient memory for the Java Runtime Environment to continue.
# Native memory allocation (malloc) failed to allocate 335136 bytes for Chunk::new
# Possible reasons:
#   The system is out of physical RAM or swap space
#   The process is running with CompressedOops enabled, and the Java Heap may be blocking the growth of the native heap
# Possible solutions:
#   Reduce memory load on the system
#   Increase physical memory or swap space
#   Check if swap backing store is full
#   Decrease Java heap size (-Xmx/-Xms)
#   Decrease number of Java threads
#   Decrease Java thread stack sizes (-Xss)
#   Set larger code cache with -XX:ReservedCodeCacheSize=
#   JVM is running with Unscaled Compressed Oops mode in which the Java heap is
#     placed in the first 4GB address space. The Java Heap base address is the
#     maximum limit for the native heap growth. Please use -XX:HeapBaseMinAddress
#     to set the Java Heap base and to place the Java Heap above 4GB virtual address.
# This output file may be truncated or incomplete.
#
#  Out of Memory Error (arena.cpp:197), pid=16888, tid=2972
#
# JRE version: OpenJDK Runtime Environment Microsoft-8035250 (11.0.20+8) (build 11.0.20+8-LTS)
# Java VM: OpenJDK 64-Bit Server VM Microsoft-8035250 (11.0.20+8-LTS, mixed mode, tiered, compressed oops, g1 gc, windows-amd64)
# No core dump will be written. Minidumps are not enabled by default on client versions of Windows
#

---------------  S U M M A R Y ------------

Command Line: -Xmx64m -Xms64m -Dorg.gradle.appname=gradlew org.gradle.wrapper.GradleWrapperMain app:installDebug -PreactNativeDevServerPort=8081

Host: Intel(R) Core(TM) i5-6300U CPU @ 2.40GHz, 4 cores, 7G,  Windows 10 , 64 bit Build 19041 (10.0.19041.3636)
Time: Sat Dec 23 21:51:48 2023 Pakistan Standard Time elapsed time: 14.631736 seconds (0d 0h 0m 14s)

---------------  T H R E A D  ---------------

Current thread (0x00000210b2b08000):  JavaThread "C2 CompilerThread0" daemon [_thread_in_native, id=2972, stack(0x000000d330700000,0x000000d330800000)]


Current CompileTask:
C2:  14631  794  s!   4       jdk.internal.loader.URLClassPath::getLoader (194 bytes)

Stack: [0x000000d330700000,0x000000d330800000]
Native frames: (J=compiled Java code, j=interpreted, Vv=VM code, C=native code)
V  [jvm.dll+0x62e9da]
V  [jvm.dll+0x7bc4e9]
V  [jvm.dll+0x7bdbd8]
V  [jvm.dll+0x7be2b3]
V  [jvm.dll+0x2505a8]
V  [jvm.dll+0xc263c]
V  [jvm.dll+0xc2bfc]
V  [jvm.dll+0x2c56a4]
V  [jvm.dll+0x536a1c]
V  [jvm.dll+0x211a7b]
V  [jvm.dll+0x20b6b4]
V  [jvm.dll+0x20881b]
V  [jvm.dll+0x18a7de]
V  [jvm.dll+0x2181ec]
V  [jvm.dll+0x21642b]
V  [jvm.dll+0x77efc0]
V  [jvm.dll+0x777db4]
V  [jvm.dll+0x62d845]
C  [ucrtbase.dll+0x21bb2]
C  [KERNEL32.DLL+0x17344]
C  [ntdll.dll+0x526b1]


---------------  P R O C E S S  ---------------

Threads class SMR info:
_java_thread_list=0x00000210b2d08300, length=10, elements={
0x00000210965c4000, 0x00000210b2af0000, 0x00000210b2af1800, 0x00000210b2b5c800,
0x00000210b2b60000, 0x00000210b2b61000, 0x00000210b2b08000, 0x00000210b2cc0800,
0x00000210b2cc1000, 0x00000210b2d86800
}

Java Threads: ( => current thread )
  0x00000210965c4000 JavaThread "main" [_thread_in_vm, id=18688, stack(0x000000d32fa00000,0x000000d32fb00000)]
  0x00000210b2af0000 JavaThread "Reference Handler" daemon [_thread_blocked, id=13860, stack(0x000000d330200000,0x000000d330300000)]
  0x00000210b2af1800 JavaThread "Finalizer" daemon [_thread_blocked, id=5816, stack(0x000000d330300000,0x000000d330400000)]
  0x00000210b2b5c800 JavaThread "Signal Dispatcher" daemon [_thread_blocked, id=9524, stack(0x000000d330400000,0x000000d330500000)]
  0x00000210b2b60000 JavaThread "Attach Listener" daemon [_thread_blocked, id=12724, stack(0x000000d330500000,0x000000d330600000)]
  0x00000210b2b61000 JavaThread "Service Thread" daemon [_thread_blocked, id=16776, stack(0x000000d330600000,0x000000d330700000)]
=>0x00000210b2b08000 JavaThread "C2 CompilerThread0" daemon [_thread_in_native, id=2972, stack(0x000000d330700000,0x000000d330800000)]
  0x00000210b2cc0800 JavaThread "C1 CompilerThread0" daemon [_thread_blocked, id=14372, stack(0x000000d330800000,0x000000d330900000)]
  0x00000210b2cc1000 JavaThread "Sweeper thread" daemon [_thread_blocked, id=8520, stack(0x000000d330900000,0x000000d330a00000)]
  0x00000210b2d86800 JavaThread "Common-Cleaner" daemon [_thread_blocked, id=16200, stack(0x000000d330b00000,0x000000d330c00000)]

Other Threads:
  0x00000210b2aca800 VMThread "VM Thread" [stack: 0x000000d330100000,0x000000d330200000] [id=16348]
  0x00000210b2d63800 WatcherThread [stack: 0x000000d330a00000,0x000000d330b00000] [id=10936]
  0x00000210965d7000 GCTaskThread "GC Thread#0" [stack: 0x000000d32fc00000,0x000000d32fd00000] [id=18484]
  0x00000210b316d000 GCTaskThread "GC Thread#1" [stack: 0x000000d330c00000,0x000000d330d00000] [id=18776]
  0x00000210965de800 ConcurrentGCThread "G1 Main Marker" [stack: 0x000000d32fd00000,0x000000d32fe00000] [id=2944]
  0x00000210965e0000 ConcurrentGCThread "G1 Conc#0" [stack: 0x000000d32fe00000,0x000000d32ff00000] [id=12408]
  0x0000021096632800 ConcurrentGCThread "G1 Refine#0" [stack: 0x000000d32ff00000,0x000000d330000000] [id=9616]
  0x0000021096633800 ConcurrentGCThread "G1 Young RemSet Sampling" [stack: 0x000000d330000000,0x000000d330100000] [id=7540]

Threads with active compile tasks:
C2 CompilerThread0    14668  794  s!   4       jdk.internal.loader.URLClassPath::getLoader (194 bytes)

VM state:not at safepoint (normal execution)

VM Mutex/Monitor currently owned by a thread:  ([mutex/lock_event])
[0x00000210965bf8c0] SystemDictionary_lock - owner thread: 0x00000210965c4000

Heap address: 0x00000000fc000000, size: 64 MB, Compressed Oops mode: 32-bit
Narrow klass base: 0x0000000000000000, Narrow klass shift: 3
Compressed class space size: 1073741824 Address: 0x0000000100000000

Heap:
 garbage-first heap   total 65536K, used 14624K [0x00000000fc000000, 0x0000000100000000)
  region size 1024K, 11 young (11264K), 2 survivors (2048K)
 Metaspace       used 9672K, capacity 9866K, committed 10112K, reserved 1058816K
  class space    used 949K, capacity 1032K, committed 1152K, reserved 1048576K
Heap Regions: E=young(eden), S=young(survivor), O=old, HS=humongous(starts), HC=humongous(continues), CS=collection set, F=free, A=archive, TAMS=top-at-mark-start (previous, next)
|   0|0x00000000fc000000, 0x00000000fc100000, 0x00000000fc100000|100%| O|  |TAMS 0x00000000fc000000, 0x00000000fc000000| Untracked 
|   1|0x00000000fc100000, 0x00000000fc148200, 0x00000000fc200000| 28%| O|  |TAMS 0x00000000fc100000, 0x00000000fc100000| Untracked 
|   2|0x00000000fc200000, 0x00000000fc300000, 0x00000000fc300000|100%|HS|  |TAMS 0x00000000fc200000, 0x00000000fc200000| Complete 
|   3|0x00000000fc300000, 0x00000000fc400000, 0x00000000fc400000|100%|HC|  |TAMS 0x00000000fc300000, 0x00000000fc300000| Complete 
|   4|0x00000000fc400000, 0x00000000fc500000, 0x00000000fc500000|100%|HC|  |TAMS 0x00000000fc400000, 0x00000000fc400000| Complete 
|   5|0x00000000fc500000, 0x00000000fc600000, 0x00000000fc600000|100%|HC|  |TAMS 0x00000000fc500000, 0x00000000fc500000| Complete 
|   6|0x00000000fc600000, 0x00000000fc600000, 0x00000000fc700000|  0%| F|  |TAMS 0x00000000fc600000, 0x00000000fc600000| Untracked 
|   7|0x00000000fc700000, 0x00000000fc700000, 0x00000000fc800000|  0%| F|  |TAMS 0x00000000fc700000, 0x00000000fc700000| Untracked 
|   8|0x00000000fc800000, 0x00000000fc800000, 0x00000000fc900000|  0%| F|  |TAMS 0x00000000fc800000, 0x00000000fc800000| Untracked 
|   9|0x00000000fc900000, 0x00000000fc900000, 0x00000000fca00000|  0%| F|  |TAMS 0x00000000fc900000, 0x00000000fc900000| Untracked 
|  10|0x00000000fca00000, 0x00000000fca00000, 0x00000000fcb00000|  0%| F|  |TAMS 0x00000000fca00000, 0x00000000fca00000| Untracked 
|  11|0x00000000fcb00000, 0x00000000fcb00000, 0x00000000fcc00000|  0%| F|  |TAMS 0x00000000fcb00000, 0x00000000fcb00000| Untracked 
|  12|0x00000000fcc00000, 0x00000000fcc00000, 0x00000000fcd00000|  0%| F|  |TAMS 0x00000000fcc00000, 0x00000000fcc00000| Untracked 
|  13|0x00000000fcd00000, 0x00000000fcd00000, 0x00000000fce00000|  0%| F|  |TAMS 0x00000000fcd00000, 0x00000000fcd00000| Untracked 
|  14|0x00000000fce00000, 0x00000000fce00000, 0x00000000fcf00000|  0%| F|  |TAMS 0x00000000fce00000, 0x00000000fce00000| Untracked 
|  15|0x00000000fcf00000, 0x00000000fcf00000, 0x00000000fd000000|  0%| F|  |TAMS 0x00000000fcf00000, 0x00000000fcf00000| Untracked 
|  16|0x00000000fd000000, 0x00000000fd000000, 0x00000000fd100000|  0%| F|  |TAMS 0x00000000fd000000, 0x00000000fd000000| Untracked 
|  17|0x00000000fd100000, 0x00000000fd100000, 0x00000000fd200000|  0%| F|  |TAMS 0x00000000fd100000, 0x00000000fd100000| Untracked 
|  18|0x00000000fd200000, 0x00000000fd200000, 0x00000000fd300000|  0%| F|  |TAMS 0x00000000fd200000, 0x00000000fd200000| Untracked 
|  19|0x00000000fd300000, 0x00000000fd300000, 0x00000000fd400000|  0%| F|  |TAMS 0x00000000fd300000, 0x00000000fd300000| Untracked 
|  20|0x00000000fd400000, 0x00000000fd400000, 0x00000000fd500000|  0%| F|  |TAMS 0x00000000fd400000, 0x00000000fd400000| Untracked 
|  21|0x00000000fd500000, 0x00000000fd500000, 0x00000000fd600000|  0%| F|  |TAMS 0x00000000fd500000, 0x00000000fd500000| Untracked 
|  22|0x00000000fd600000, 0x00000000fd600000, 0x00000000fd700000|  0%| F|  |TAMS 0x00000000fd600000, 0x00000000fd600000| Untracked 
|  23|0x00000000fd700000, 0x00000000fd700000, 0x00000000fd800000|  0%| F|  |TAMS 0x00000000fd700000, 0x00000000fd700000| Untracked 
|  24|0x00000000fd800000, 0x00000000fd800000, 0x00000000fd900000|  0%| F|  |TAMS 0x00000000fd800000, 0x00000000fd800000| Untracked 
|  25|0x00000000fd900000, 0x00000000fd900000, 0x00000000fda00000|  0%| F|  |TAMS 0x00000000fd900000, 0x00000000fd900000| Untracked 
|  26|0x00000000fda00000, 0x00000000fda00000, 0x00000000fdb00000|  0%| F|  |TAMS 0x00000000fda00000, 0x00000000fda00000| Untracked 
|  27|0x00000000fdb00000, 0x00000000fdb00000, 0x00000000fdc00000|  0%| F|  |TAMS 0x00000000fdb00000, 0x00000000fdb00000| Untracked 
|  28|0x00000000fdc00000, 0x00000000fdc00000, 0x00000000fdd00000|  0%| F|  |TAMS 0x00000000fdc00000, 0x00000000fdc00000| Untracked 
|  29|0x00000000fdd00000, 0x00000000fdd00000, 0x00000000fde00000|  0%| F|  |TAMS 0x00000000fdd00000, 0x00000000fdd00000| Untracked 
|  30|0x00000000fde00000, 0x00000000fde00000, 0x00000000fdf00000|  0%| F|  |TAMS 0x00000000fde00000, 0x00000000fde00000| Untracked 
|  31|0x00000000fdf00000, 0x00000000fdf00000, 0x00000000fe000000|  0%| F|  |TAMS 0x00000000fdf00000, 0x00000000fdf00000| Untracked 
|  32|0x00000000fe000000, 0x00000000fe000000, 0x00000000fe100000|  0%| F|  |TAMS 0x00000000fe000000, 0x00000000fe000000| Untracked 
|  33|0x00000000fe100000, 0x00000000fe100000, 0x00000000fe200000|  0%| F|  |TAMS 0x00000000fe100000, 0x00000000fe100000| Untracked 
|  34|0x00000000fe200000, 0x00000000fe200000, 0x00000000fe300000|  0%| F|  |TAMS 0x00000000fe200000, 0x00000000fe200000| Untracked 
|  35|0x00000000fe300000, 0x00000000fe300000, 0x00000000fe400000|  0%| F|  |TAMS 0x00000000fe300000, 0x00000000fe300000| Untracked 
|  36|0x00000000fe400000, 0x00000000fe400000, 0x00000000fe500000|  0%| F|  |TAMS 0x00000000fe400000, 0x00000000fe400000| Untracked 
|  37|0x00000000fe500000, 0x00000000fe500000, 0x00000000fe600000|  0%| F|  |TAMS 0x00000000fe500000, 0x00000000fe500000| Untracked 
|  38|0x00000000fe600000, 0x00000000fe600000, 0x00000000fe700000|  0%| F|  |TAMS 0x00000000fe600000, 0x00000000fe600000| Untracked 
|  39|0x00000000fe700000, 0x00000000fe700000, 0x00000000fe800000|  0%| F|  |TAMS 0x00000000fe700000, 0x00000000fe700000| Untracked 
|  40|0x00000000fe800000, 0x00000000fe800000, 0x00000000fe900000|  0%| F|  |TAMS 0x00000000fe800000, 0x00000000fe800000| Untracked 
|  41|0x00000000fe900000, 0x00000000fe900000, 0x00000000fea00000|  0%| F|  |TAMS 0x00000000fe900000, 0x00000000fe900000| Untracked 
|  42|0x00000000fea00000, 0x00000000fea00000, 0x00000000feb00000|  0%| F|  |TAMS 0x00000000fea00000, 0x00000000fea00000| Untracked 
|  43|0x00000000feb00000, 0x00000000feb00000, 0x00000000fec00000|  0%| F|  |TAMS 0x00000000feb00000, 0x00000000feb00000| Untracked 
|  44|0x00000000fec00000, 0x00000000fec00000, 0x00000000fed00000|  0%| F|  |TAMS 0x00000000fec00000, 0x00000000fec00000| Untracked 
|  45|0x00000000fed00000, 0x00000000fed00000, 0x00000000fee00000|  0%| F|  |TAMS 0x00000000fed00000, 0x00000000fed00000| Untracked 
|  46|0x00000000fee00000, 0x00000000fee00000, 0x00000000fef00000|  0%| F|  |TAMS 0x00000000fee00000, 0x00000000fee00000| Untracked 
|  47|0x00000000fef00000, 0x00000000fef00000, 0x00000000ff000000|  0%| F|  |TAMS 0x00000000fef00000, 0x00000000fef00000| Untracked 
|  48|0x00000000ff000000, 0x00000000ff100000, 0x00000000ff100000|100%| S|CS|TAMS 0x00000000ff000000, 0x00000000ff000000| Complete 
|  49|0x00000000ff100000, 0x00000000ff200000, 0x00000000ff200000|100%| S|CS|TAMS 0x00000000ff100000, 0x00000000ff100000| Complete 
|  50|0x00000000ff200000, 0x00000000ff200000, 0x00000000ff300000|  0%| F|  |TAMS 0x00000000ff200000, 0x00000000ff200000| Untracked 
|  51|0x00000000ff300000, 0x00000000ff300000, 0x00000000ff400000|  0%| F|  |TAMS 0x00000000ff300000, 0x00000000ff300000| Untracked 
|  52|0x00000000ff400000, 0x00000000ff400000, 0x00000000ff500000|  0%| F|  |TAMS 0x00000000ff400000, 0x00000000ff400000| Untracked 
|  53|0x00000000ff500000, 0x00000000ff500000, 0x00000000ff600000|  0%| F|  |TAMS 0x00000000ff500000, 0x00000000ff500000| Untracked 
|  54|0x00000000ff600000, 0x00000000ff600000, 0x00000000ff700000|  0%| F|  |TAMS 0x00000000ff600000, 0x00000000ff600000| Untracked 
|  55|0x00000000ff700000, 0x00000000ff780800, 0x00000000ff800000| 50%| E|  |TAMS 0x00000000ff700000, 0x00000000ff700000| Complete 
|  56|0x00000000ff800000, 0x00000000ff900000, 0x00000000ff900000|100%| E|CS|TAMS 0x00000000ff800000, 0x00000000ff800000| Complete 
|  57|0x00000000ff900000, 0x00000000ffa00000, 0x00000000ffa00000|100%| E|CS|TAMS 0x00000000ff900000, 0x00000000ff900000| Complete 
|  58|0x00000000ffa00000, 0x00000000ffb00000, 0x00000000ffb00000|100%| E|CS|TAMS 0x00000000ffa00000, 0x00000000ffa00000| Complete 
|  59|0x00000000ffb00000, 0x00000000ffc00000, 0x00000000ffc00000|100%| E|CS|TAMS 0x00000000ffb00000, 0x00000000ffb00000| Complete 
|  60|0x00000000ffc00000, 0x00000000ffd00000, 0x00000000ffd00000|100%| E|CS|TAMS 0x00000000ffc00000, 0x00000000ffc00000| Complete 
|  61|0x00000000ffd00000, 0x00000000ffe00000, 0x00000000ffe00000|100%| E|  |TAMS 0x00000000ffd00000, 0x00000000ffd00000| Complete 
|  62|0x00000000ffe00000, 0x00000000fff00000, 0x00000000fff00000|100%| E|CS|TAMS 0x00000000ffe00000, 0x00000000ffe00000| Complete 
|  63|0x00000000fff00000, 0x0000000100000000, 0x0000000100000000|100%| E|CS|TAMS 0x00000000fff00000, 0x00000000fff00000| Complete 

Card table byte_map: [0x00000210966a0000,0x00000210966c0000] _byte_map_base: 0x0000021095ec0000

Marking Bits (Prev, Next): (CMBitMap*) 0x00000210965dd758, (CMBitMap*) 0x00000210965dd790
 Prev Bits: [0x00000210afb60000, 0x00000210afc60000)
 Next Bits: [0x00000210afc60000, 0x00000210afd60000)

Polling page: 0x0000021096440000

Metaspace:

Usage:
  Non-class:      8.63 MB capacity,     8.52 MB ( 99%) used,   100.44 KB (  1%) free+waste,     9.69 KB ( <1%) overhead. 
      Class:      1.01 MB capacity,   949.03 KB ( 92%) used,    78.28 KB (  8%) free+waste,     4.69 KB ( <1%) overhead. 
       Both:      9.63 MB capacity,     9.45 MB ( 98%) used,   178.72 KB (  2%) free+waste,    14.38 KB ( <1%) overhead. 

Virtual space:
  Non-class space:       10.00 MB reserved,       8.75 MB ( 88%) committed 
      Class space:        1.00 GB reserved,       1.13 MB ( <1%) committed 
             Both:        1.01 GB reserved,       9.88 MB ( <1%) committed 

Chunk freelists:
   Non-Class:  62.00 KB
       Class:  24.00 KB
        Both:  86.00 KB

MaxMetaspaceSize: 17179869184.00 GB
CompressedClassSpaceSize: 1.00 GB
Initial GC threshold: 20.80 MB
Current GC threshold: 20.80 MB
CDS: off

CodeHeap 'non-profiled nmethods': size=120064Kb used=274Kb max_used=274Kb free=119789Kb
 bounds [0x00000210a8000000, 0x00000210a8270000, 0x00000210af540000]
CodeHeap 'profiled nmethods': size=120000Kb used=1504Kb max_used=1504Kb free=118495Kb
 bounds [0x00000210a0ad0000, 0x00000210a0d40000, 0x00000210a8000000]
CodeHeap 'non-nmethods': size=5696Kb used=1116Kb max_used=1130Kb free=4580Kb
 bounds [0x00000210a0540000, 0x00000210a07b0000, 0x00000210a0ad0000]
 total_blobs=1159 nmethods=794 adapters=278
 compilation: enabled
              stopped_count=0, restarted_count=0
 full_count=0

Compilation events (20 events):
Event: 14.512 Thread 0x00000210b2cc0800  787       3       java.security.CodeSource::matchCerts (254 bytes)
Event: 14.513 Thread 0x00000210b2cc0800 nmethod 787 0x00000210a0c41f10 code [0x00000210a0c42160, 0x00000210a0c42c98]
Event: 14.581 Thread 0x00000210b2cc0800  789       3       java.net.URLClassLoader::getAndVerifyPackage (109 bytes)
Event: 14.583 Thread 0x00000210b2cc0800 nmethod 789 0x00000210a0c43090 code [0x00000210a0c43480, 0x00000210a0c44e68]
Event: 14.584 Thread 0x00000210b2cc0800  790       3       jdk.internal.perf.PerfCounter::getReadClassBytesTime (4 bytes)
Event: 14.584 Thread 0x00000210b2cc0800 nmethod 790 0x00000210a0c45790 code [0x00000210a0c45940, 0x00000210a0c45a38]
Event: 14.586 Thread 0x00000210b2b08000 nmethod 775 0x00000210a8041a10 code [0x00000210a8041c40, 0x00000210a8042970]
Event: 14.586 Thread 0x00000210b2b08000  788       4       java.lang.AbstractStringBuilder::append (45 bytes)
Event: 14.597 Thread 0x00000210b2b08000 nmethod 788 0x00000210a8043110 code [0x00000210a80432c0, 0x00000210a8043828]
Event: 14.597 Thread 0x00000210b2b08000  791       4       java.util.zip.ZipCoder$UTF8::getBytes (10 bytes)
Event: 14.597 Thread 0x00000210b2cc0800  792       3       java.lang.ClassLoader::compareCerts (201 bytes)
Event: 14.598 Thread 0x00000210b2cc0800 nmethod 792 0x00000210a0c45a90 code [0x00000210a0c45cc0, 0x00000210a0c46538]
Event: 14.600 Thread 0x00000210b2b08000 nmethod 791 0x00000210a8043b90 code [0x00000210a8043d40, 0x00000210a8043f98]
Event: 14.600 Thread 0x00000210b2b08000  778   !   4       java.util.jar.JarFile::isMultiRelease (33 bytes)
Event: 14.601 Thread 0x00000210b2b08000 nmethod 778 0x00000210a8044110 code [0x00000210a80442c0, 0x00000210a8044388]
Event: 14.603 Thread 0x00000210b2b08000  793   !   4       jdk.internal.loader.URLClassPath$JarLoader::ensureOpen (36 bytes)
Event: 14.605 Thread 0x00000210b2b08000 nmethod 793 0x00000210a8044410 code [0x00000210a80445c0, 0x00000210a80446e8]
Event: 14.610 Thread 0x00000210b2b08000  794  s!   4       jdk.internal.loader.URLClassPath::getLoader (194 bytes)
Event: 14.613 Thread 0x00000210b2cc0800  795       3       java.util.jar.JarFile::getManifestFromReference (151 bytes)
Event: 14.614 Thread 0x00000210b2cc0800 nmethod 795 0x00000210a0c46810 code [0x00000210a0c46b00, 0x00000210a0c47be8]

GC Heap History (2 events):
Event: 9.631 GC heap before
{Heap before GC invocations=0 (full 0):
 garbage-first heap   total 65536K, used 13312K [0x00000000fc000000, 0x0000000100000000)
  region size 1024K, 14 young (14336K), 0 survivors (0K)
 Metaspace       used 7725K, capacity 7953K, committed 8192K, reserved 1056768K
  class space    used 676K, capacity 754K, committed 768K, reserved 1048576K
}
Event: 9.849 GC heap after
{Heap after GC invocations=1 (full 0):
 garbage-first heap   total 65536K, used 3360K [0x00000000fc000000, 0x0000000100000000)
  region size 1024K, 2 young (2048K), 2 survivors (2048K)
 Metaspace       used 7725K, capacity 7953K, committed 8192K, reserved 1056768K
  class space    used 676K, capacity 754K, committed 768K, reserved 1048576K
}

Deoptimization events (20 events):
Event: 13.546 Thread 0x00000210965c4000 DEOPT PACKING pc=0x00000210a0bec88b sp=0x000000d32faf6ad0
Event: 13.546 Thread 0x00000210965c4000 DEOPT UNPACKING pc=0x00000210a058a95e sp=0x000000d32faf5f88 mode 0
Event: 13.546 Thread 0x00000210965c4000 DEOPT PACKING pc=0x00000210a0bec88b sp=0x000000d32faf6ad0
Event: 13.546 Thread 0x00000210965c4000 DEOPT UNPACKING pc=0x00000210a058a95e sp=0x000000d32faf5f88 mode 0
Event: 13.546 Thread 0x00000210965c4000 DEOPT PACKING pc=0x00000210a0bec88b sp=0x000000d32faf6ad0
Event: 13.546 Thread 0x00000210965c4000 DEOPT UNPACKING pc=0x00000210a058a95e sp=0x000000d32faf5f88 mode 0
Event: 13.546 Thread 0x00000210965c4000 DEOPT PACKING pc=0x00000210a0bec88b sp=0x000000d32faf6ad0
Event: 13.546 Thread 0x00000210965c4000 DEOPT UNPACKING pc=0x00000210a058a95e sp=0x000000d32faf5f88 mode 0
Event: 13.914 Thread 0x00000210965c4000 DEOPT PACKING pc=0x00000210a0bf06d0 sp=0x000000d32faf9260
Event: 13.914 Thread 0x00000210965c4000 DEOPT UNPACKING pc=0x00000210a058a95e sp=0x000000d32faf86e8 mode 0
Event: 13.929 Thread 0x00000210965c4000 DEOPT PACKING pc=0x00000210a0bf06d0 sp=0x000000d32faf5b60
Event: 13.929 Thread 0x00000210965c4000 DEOPT UNPACKING pc=0x00000210a058a95e sp=0x000000d32faf4fe8 mode 0
Event: 13.939 Thread 0x00000210965c4000 DEOPT PACKING pc=0x00000210a0bf06d0 sp=0x000000d32faf7460
Event: 13.939 Thread 0x00000210965c4000 DEOPT UNPACKING pc=0x00000210a058a95e sp=0x000000d32faf68e8 mode 0
Event: 13.942 Thread 0x00000210965c4000 DEOPT PACKING pc=0x00000210a0bf06d0 sp=0x000000d32faf7460
Event: 13.942 Thread 0x00000210965c4000 DEOPT UNPACKING pc=0x00000210a058a95e sp=0x000000d32faf68e8 mode 0
Event: 14.119 Thread 0x00000210965c4000 Uncommon trap: trap_request=0xffffff4d fr.pc=0x00000210a8034070 relative=0x0000000000000f50
Event: 14.119 Thread 0x00000210965c4000 Uncommon trap: reason=unstable_if action=reinterpret pc=0x00000210a8034070 method=java.util.HashMap.putVal(ILjava/lang/Object;Ljava/lang/Object;ZZ)Ljava/lang/Object; @ 94 c2
Event: 14.119 Thread 0x00000210965c4000 DEOPT PACKING pc=0x00000210a8034070 sp=0x000000d32fafb090
Event: 14.119 Thread 0x00000210965c4000 DEOPT UNPACKING pc=0x00000210a058a1af sp=0x000000d32fafb028 mode 2

Classes redefined (0 events):
No events

Internal exceptions (3 events):
Event: 2.486 Thread 0x00000210965c4000 Exception <a 'java/lang/NoSuchMethodError'{0x00000000ffc6ae58}: 'int java.lang.invoke.DirectMethodHandle$Holder.invokeStaticInit(java.lang.Object, java.lang.Object)'> (0x00000000ffc6ae58) thrown at [s\src\hotspot\share\interpreter\linkResolver.cpp, line 773]
Event: 2.851 Thread 0x00000210965c4000 Exception <a 'java/lang/NoSuchMethodError'{0x00000000ffb3ff38}: 'int java.lang.invoke.DirectMethodHandle$Holder.invokeSpecial(java.lang.Object, java.lang.Object, java.lang.Object, java.lang.Object)'> (0x00000000ffb3ff38) thrown at [s\src\hotspot\share\interpreter\linkResolver.cpp, line 773]
Event: 2.892 Thread 0x00000210965c4000 Exception <a 'java/lang/NoSuchMethodError'{0x00000000ffb78430}: 'int java.lang.invoke.DirectMethodHandle$Holder.invokeSpecialIFC(java.lang.Object, java.lang.Object, int)'> (0x00000000ffb78430) thrown at [s\src\hotspot\share\interpreter\linkResolver.cpp, line 773]

Events (20 events):
Event: 14.611 loading class org/gradle/initialization/StartParameterBuildOptions$IsolatedProjectsOption
Event: 14.611 loading class org/gradle/initialization/StartParameterBuildOptions$IsolatedProjectsOption done
Event: 14.612 loading class org/gradle/initialization/StartParameterBuildOptions$ConfigurationCacheMaxProblemsOption
Event: 14.612 loading class org/gradle/initialization/StartParameterBuildOptions$ConfigurationCacheMaxProblemsOption done
Event: 14.612 loading class org/gradle/initialization/StartParameterBuildOptions$ConfigurationCacheDebugOption
Event: 14.612 loading class org/gradle/initialization/StartParameterBuildOptions$ConfigurationCacheDebugOption done
Event: 14.613 loading class org/gradle/initialization/StartParameterBuildOptions$ConfigurationCacheRecreateOption
Event: 14.613 loading class org/gradle/initialization/StartParameterBuildOptions$ConfigurationCacheRecreateOption done
Event: 14.613 loading class org/gradle/initialization/StartParameterBuildOptions$ConfigurationCacheQuietOption
Event: 14.613 loading class org/gradle/initialization/StartParameterBuildOptions$ConfigurationCacheQuietOption done
Event: 14.614 loading class org/gradle/launcher/daemon/configuration/DaemonBuildOptions
Event: 14.614 loading class org/gradle/launcher/daemon/configuration/DaemonBuildOptions done
Event: 14.615 loading class org/gradle/launcher/daemon/configuration/DaemonBuildOptions$IdleTimeoutOption
Event: 14.615 loading class org/gradle/launcher/daemon/configuration/DaemonBuildOptions$IdleTimeoutOption done
Event: 14.615 loading class java/lang/NumberFormatException
Event: 14.615 loading class java/lang/NumberFormatException done
Event: 14.615 loading class org/gradle/launcher/daemon/configuration/DaemonBuildOptions$HealthCheckOption
Event: 14.615 loading class org/gradle/launcher/daemon/configuration/DaemonBuildOptions$HealthCheckOption done
Event: 14.616 loading class org/gradle/launcher/daemon/configuration/DaemonBuildOptions$BaseDirOption
Event: 14.616 loading class org/gradle/launcher/daemon/configuration/DaemonBuildOptions$BaseDirOption done


Dynamic libraries:
0x00007ff6031f0000 - 0x00007ff6031fd000 	C:\Program Files\Microsoft\jdk-11.0.20.8-hotspot\bin\java.exe
0x00007ffdcc1b0000 - 0x00007ffdcc3a8000 	C:\Windows\SYSTEM32\ntdll.dll
0x00007ffdcbe40000 - 0x00007ffdcbefd000 	C:\Windows\System32\KERNEL32.DLL
0x00007ffdc9df0000 - 0x00007ffdca0e6000 	C:\Windows\System32\KERNELBASE.dll
0x00007ffdc9890000 - 0x00007ffdc9990000 	C:\Windows\System32\ucrtbase.dll
0x00007ffda9cc0000 - 0x00007ffda9cd7000 	C:\Program Files\Microsoft\jdk-11.0.20.8-hotspot\bin\jli.dll
0x00007ffdcb400000 - 0x00007ffdcb59e000 	C:\Windows\System32\USER32.dll
0x00007ffdc9d00000 - 0x00007ffdc9d22000 	C:\Windows\System32\win32u.dll
0x00007ffdcbb30000 - 0x00007ffdcbb5c000 	C:\Windows\System32\GDI32.dll
0x00007ffdca0f0000 - 0x00007ffdca20a000 	C:\Windows\System32\gdi32full.dll
0x00007ffdc9990000 - 0x00007ffdc9a2d000 	C:\Windows\System32\msvcp_win.dll
0x00007ffdc1310000 - 0x00007ffdc1325000 	C:\Program Files\Microsoft\jdk-11.0.20.8-hotspot\bin\VCRUNTIME140.dll
0x00007ffda7470000 - 0x00007ffda770a000 	C:\Windows\WinSxS\amd64_microsoft.windows.common-controls_6595b64144ccf1df_6.0.19041.3636_none_60b6a03d71f818d5\COMCTL32.dll
0x00007ffdcbb60000 - 0x00007ffdcbbfe000 	C:\Windows\System32\msvcrt.dll
0x00007ffdcbcb0000 - 0x00007ffdcbce0000 	C:\Windows\System32\IMM32.DLL
0x00007ffd99e00000 - 0x00007ffd99e9b000 	C:\Program Files\Microsoft\jdk-11.0.20.8-hotspot\bin\msvcp140.dll
0x00007ffd4c440000 - 0x00007ffd4cfd6000 	C:\Program Files\Microsoft\jdk-11.0.20.8-hotspot\bin\server\jvm.dll
0x00007ffdcb1c0000 - 0x00007ffdcb26f000 	C:\Windows\System32\ADVAPI32.dll
0x00007ffdcb650000 - 0x00007ffdcb6ec000 	C:\Windows\System32\sechost.dll
0x00007ffdcb2d0000 - 0x00007ffdcb3f6000 	C:\Windows\System32\RPCRT4.dll
0x00007ffdcc100000 - 0x00007ffdcc108000 	C:\Windows\System32\PSAPI.DLL
0x00007ffd721e0000 - 0x00007ffd721e9000 	C:\Windows\SYSTEM32\WSOCK32.dll
0x00007ffdcb6f0000 - 0x00007ffdcb75b000 	C:\Windows\System32\WS2_32.dll
0x00007ffdb5ab0000 - 0x00007ffdb5ad7000 	C:\Windows\SYSTEM32\WINMM.dll
0x00007ffdc4dc0000 - 0x00007ffdc4dca000 	C:\Windows\SYSTEM32\VERSION.dll
0x00007ffdc80e0000 - 0x00007ffdc80f2000 	C:\Windows\SYSTEM32\kernel.appcore.dll
0x00007ffdc4ff0000 - 0x00007ffdc5000000 	C:\Program Files\Microsoft\jdk-11.0.20.8-hotspot\bin\verify.dll
0x00007ffdc6e10000 - 0x00007ffdc6ff4000 	C:\Windows\SYSTEM32\DBGHELP.DLL
0x00007ffdb55a0000 - 0x00007ffdb55d4000 	C:\Windows\SYSTEM32\dbgcore.DLL
0x00007ffdc9d60000 - 0x00007ffdc9de2000 	C:\Windows\System32\bcryptPrimitives.dll
0x00007ffda9c90000 - 0x00007ffda9cb8000 	C:\Program Files\Microsoft\jdk-11.0.20.8-hotspot\bin\java.dll
0x00007ffdc4e50000 - 0x00007ffdc4e5a000 	C:\Program Files\Microsoft\jdk-11.0.20.8-hotspot\bin\jimage.dll
0x00007ffda9c70000 - 0x00007ffda9c88000 	C:\Program Files\Microsoft\jdk-11.0.20.8-hotspot\bin\zip.dll
0x00007ffdca3f0000 - 0x00007ffdcab35000 	C:\Windows\System32\SHELL32.dll
0x00007ffdc7860000 - 0x00007ffdc7ffb000 	C:\Windows\SYSTEM32\windows.storage.dll
0x00007ffdcb770000 - 0x00007ffdcbac4000 	C:\Windows\System32\combase.dll
0x00007ffdc9200000 - 0x00007ffdc922d000 	C:\Windows\SYSTEM32\Wldp.dll
0x00007ffdcbc00000 - 0x00007ffdcbcad000 	C:\Windows\System32\SHCORE.dll
0x00007ffdcb270000 - 0x00007ffdcb2c5000 	C:\Windows\System32\shlwapi.dll
0x00007ffdc97c0000 - 0x00007ffdc97e5000 	C:\Windows\SYSTEM32\profapi.dll
0x00007ffda9c50000 - 0x00007ffda9c69000 	C:\Program Files\Microsoft\jdk-11.0.20.8-hotspot\bin\net.dll
0x00007ffdb8c00000 - 0x00007ffdb8d0a000 	C:\Windows\SYSTEM32\WINHTTP.dll
0x00007ffdc8f60000 - 0x00007ffdc8fca000 	C:\Windows\system32\mswsock.dll
0x00007ffda9c30000 - 0x00007ffda9c43000 	C:\Program Files\Microsoft\jdk-11.0.20.8-hotspot\bin\nio.dll

dbghelp: loaded successfully - version: 4.0.5 - missing functions: none
symbol engine: initialized successfully - sym options: 0x614 - pdb path: .;C:\Program Files\Microsoft\jdk-11.0.20.8-hotspot\bin;C:\Windows\SYSTEM32;C:\Windows\WinSxS\amd64_microsoft.windows.common-controls_6595b64144ccf1df_6.0.19041.3636_none_60b6a03d71f818d5;C:\Program Files\Microsoft\jdk-11.0.20.8-hotspot\bin\server

VM Arguments:
jvm_args: -Xmx64m -Xms64m -Dorg.gradle.appname=gradlew 
java_command: org.gradle.wrapper.GradleWrapperMain app:installDebug -PreactNativeDevServerPort=8081
java_class_path (initial): G:\Story-time-project\StoryTime_Frontend\android\\gradle\wrapper\gradle-wrapper.jar
Launcher Type: SUN_STANDARD

[Global flags]
     intx CICompilerCount                          = 3                                         {product} {ergonomic}
     uint ConcGCThreads                            = 1                                         {product} {ergonomic}
     uint G1ConcRefinementThreads                  = 4                                         {product} {ergonomic}
   size_t G1HeapRegionSize                         = 1048576                                   {product} {ergonomic}
    uintx GCDrainStackTargetSize                   = 64                                        {product} {ergonomic}
   size_t InitialHeapSize                          = 67108864                                  {product} {command line}
   size_t MarkStackSize                            = 4194304                                   {product} {ergonomic}
   size_t MaxHeapSize                              = 67108864                                  {product} {command line}
   size_t MaxNewSize                               = 39845888                                  {product} {ergonomic}
   size_t MinHeapDeltaBytes                        = 1048576                                   {product} {ergonomic}
    uintx NonNMethodCodeHeapSize                   = 5830732                                {pd product} {ergonomic}
    uintx NonProfiledCodeHeapSize                  = 122913754                              {pd product} {ergonomic}
    uintx ProfiledCodeHeapSize                     = 122913754                              {pd product} {ergonomic}
    uintx ReservedCodeCacheSize                    = 251658240                              {pd product} {ergonomic}
     bool SegmentedCodeCache                       = true                                      {product} {ergonomic}
     bool UseCompressedClassPointers               = true                                 {lp64_product} {ergonomic}
     bool UseCompressedOops                        = true                                 {lp64_product} {ergonomic}
     bool UseG1GC                                  = true                                      {product} {ergonomic}
     bool UseLargePagesIndividualAllocation        = false                                  {pd product} {ergonomic}

Logging:
Log output configuration:
 #0: stdout all=warning uptime,level,tags
 #1: stderr all=off uptime,level,tags

Environment Variables:
JAVA_HOME=C:\Program Files\Microsoft\jdk-11.0.20.8-hotspot\
CLASSPATH=G:\Story-time-project\StoryTime_Frontend\android\\gradle\wrapper\gradle-wrapper.jar
PATH=G:\Story-time-project\storytime_frontend\node_modules\.bin;G:\Story-time-project\storytime_frontend\node_modules\.bin;G:\Story-time-project\node_modules\.bin;G:\node_modules\.bin;C:\Program Files\nodejs\node_modules\npm\node_modules\@npmcli\run-script\lib\node-gyp-bin;G:\Story-time-project\storytime_frontend\node_modules\.bin;G:\Story-time-project\storytime_frontend\node_modules\.bin;G:\Story-time-project\node_modules\.bin;G:\node_modules\.bin;C:\Program Files\nodejs\node_modules\npm\node_modules\@npmcli\run-script\lib\node-gyp-bin;C:\Program Files\Microsoft\jdk-11.0.20.8-hotspot\bin;C:\Python312\Scripts\;C:\Python312\;C:\Python311\Scripts\;C:\Python311\;C:\Program Files\Common Files\Oracle\Java\javapath;C:\Program Files (x86)\Common Files\Oracle\Java\javapath;C:\Windows\system32;C:\Windows;C:\Windows\System32\Wbem;C:\Windows\System32\WindowsPowerShell\v1.0\;C:\Windows\System32\OpenSSH\;C:\Program Files\dotnet\;C:\Program Files\Git\cmd;C:\Program Files\MongoDB\Server\6.0\bin;C:\mongosh-1.8.0-win32-x64\bin;C:\ProgramData\chocolatey\bin;C:\Program Files\Microsoft\jdk-11.0.20.8-hotspot\\bin;C:\Program Files\nodejs\;C:\Users\dell\AppData\Local\Microsoft\WindowsApps;C:\Users\dell\AppData\Local\GitHubDesktop\bin;C:\Users\dell\AppData\Local\Programs\Microsoft VS Code\bin;C:\Users\dell\AppData\Roaming\npm;D:\Android\Sdk\platform-tools;
USERNAME=dell
LANG=en_US.UTF-8
OS=Windows_NT
PROCESSOR_IDENTIFIER=Intel64 Family 6 Model 78 Stepping 3, GenuineIntel
TMP=C:\Users\dell\AppData\Local\Temp
TEMP=C:\Users\dell\AppData\Local\Temp



---------------  S Y S T E M  ---------------

OS: Windows 10 , 64 bit Build 19041 (10.0.19041.3636)
OS uptime: 2 days 14:39 hours

CPU:total 4 (initial active 4) (2 cores per cpu, 2 threads per core) family 6 model 78 stepping 3 microcode 0xd6, cmov, cx8, fxsr, mmx, sse, sse2, sse3, ssse3, sse4.1, sse4.2, popcnt, avx, avx2, aes, clmul, erms, rtm, 3dnowpref, lzcnt, ht, tsc, tscinvbit, bmi1, bmi2, adx, fma

Memory: 4k page, system-wide physical 7853M (364M free)
TotalPageFile size 20284M (AvailPageFile size 0M)
current process WorkingSet (physical memory assigned to process): 64M, peak: 64M
current process commit charge ("private bytes"): 143M, peak: 143M

vm_info: OpenJDK 64-Bit Server VM (11.0.20+8-LTS) for windows-amd64 JRE (11.0.20+8-LTS), built on Jul  7 2023 17:05:21 by "MicrosoftCorporation" with MS VC++ 15.9 (VS2017)

END.
